2018-07-15 18:14:01,227 DEBUG [Forwarding newSession on session null to remote] RequestAddCookies:123 - CookieSpec selected: default
2018-07-15 18:14:01,244 DEBUG [Forwarding newSession on session null to remote] RequestAuthCache:77 - Auth cache not set in the context
2018-07-15 18:14:01,249 DEBUG [Forwarding newSession on session null to remote] PoolingHttpClientConnectionManager:255 - Connection request: [route: {}->http://localhost:34314][total kept alive: 0; route allocated: 0 of 2000; total allocated: 0 of 2000]
2018-07-15 18:14:01,268 DEBUG [Forwarding newSession on session null to remote] PoolingHttpClientConnectionManager:288 - Connection leased: [id: 0][route: {}->http://localhost:34314][total kept alive: 0; route allocated: 1 of 2000; total allocated: 1 of 2000]
2018-07-15 18:14:01,271 DEBUG [Forwarding newSession on session null to remote] MainClientExec:235 - Opening connection {}->http://localhost:34314
2018-07-15 18:14:01,273 DEBUG [Forwarding newSession on session null to remote] DefaultHttpClientConnectionOperator:139 - Connecting to localhost/127.0.0.1:34314
2018-07-15 18:14:01,279 DEBUG [Forwarding newSession on session null to remote] DefaultHttpClientConnectionOperator:146 - Connection established 127.0.0.1:54978<->127.0.0.1:34314
2018-07-15 18:14:01,280 DEBUG [Forwarding newSession on session null to remote] DefaultManagedHttpClientConnection:88 - http-outgoing-0: set socket timeout to 10800000
2018-07-15 18:14:01,280 DEBUG [Forwarding newSession on session null to remote] MainClientExec:256 - Executing request POST /session HTTP/1.1
2018-07-15 18:14:01,281 DEBUG [Forwarding newSession on session null to remote] MainClientExec:261 - Target auth state: UNCHALLENGED
2018-07-15 18:14:01,282 DEBUG [Forwarding newSession on session null to remote] MainClientExec:267 - Proxy auth state: UNCHALLENGED
2018-07-15 18:14:01,284 DEBUG [Forwarding newSession on session null to remote] headers:133 - http-outgoing-0 >> POST /session HTTP/1.1
2018-07-15 18:14:01,284 DEBUG [Forwarding newSession on session null to remote] headers:136 - http-outgoing-0 >> Content-Type: application/json; charset=utf-8
2018-07-15 18:14:01,285 DEBUG [Forwarding newSession on session null to remote] headers:136 - http-outgoing-0 >> Content-Length: 740
2018-07-15 18:14:01,285 DEBUG [Forwarding newSession on session null to remote] headers:136 - http-outgoing-0 >> Host: localhost:34314
2018-07-15 18:14:01,285 DEBUG [Forwarding newSession on session null to remote] headers:136 - http-outgoing-0 >> Connection: Keep-Alive
2018-07-15 18:14:01,288 DEBUG [Forwarding newSession on session null to remote] headers:136 - http-outgoing-0 >> User-Agent: Apache-HttpClient/4.5.3 (Java/1.8.0_131)
2018-07-15 18:14:01,289 DEBUG [Forwarding newSession on session null to remote] headers:136 - http-outgoing-0 >> Accept-Encoding: gzip,deflate
2018-07-15 18:14:01,289 DEBUG [Forwarding newSession on session null to remote] wire:73 - http-outgoing-0 >> "POST /session HTTP/1.1[\r][\n]"
2018-07-15 18:14:01,290 DEBUG [Forwarding newSession on session null to remote] wire:73 - http-outgoing-0 >> "Content-Type: application/json; charset=utf-8[\r][\n]"
2018-07-15 18:14:01,290 DEBUG [Forwarding newSession on session null to remote] wire:73 - http-outgoing-0 >> "Content-Length: 740[\r][\n]"
2018-07-15 18:14:01,291 DEBUG [Forwarding newSession on session null to remote] wire:73 - http-outgoing-0 >> "Host: localhost:34314[\r][\n]"
2018-07-15 18:14:01,291 DEBUG [Forwarding newSession on session null to remote] wire:73 - http-outgoing-0 >> "Connection: Keep-Alive[\r][\n]"
2018-07-15 18:14:01,291 DEBUG [Forwarding newSession on session null to remote] wire:73 - http-outgoing-0 >> "User-Agent: Apache-HttpClient/4.5.3 (Java/1.8.0_131)[\r][\n]"
2018-07-15 18:14:01,292 DEBUG [Forwarding newSession on session null to remote] wire:73 - http-outgoing-0 >> "Accept-Encoding: gzip,deflate[\r][\n]"
2018-07-15 18:14:01,292 DEBUG [Forwarding newSession on session null to remote] wire:73 - http-outgoing-0 >> "[\r][\n]"
2018-07-15 18:14:01,292 DEBUG [Forwarding newSession on session null to remote] wire:73 - http-outgoing-0 >> "{[\n]"
2018-07-15 18:14:01,293 DEBUG [Forwarding newSession on session null to remote] wire:73 - http-outgoing-0 >> "  "desiredCapabilities": {[\n]"
2018-07-15 18:14:01,294 DEBUG [Forwarding newSession on session null to remote] wire:73 - http-outgoing-0 >> "    "browserName": "chrome",[\n]"
2018-07-15 18:14:01,294 DEBUG [Forwarding newSession on session null to remote] wire:73 - http-outgoing-0 >> "    "chromeOptions": {[\n]"
2018-07-15 18:14:01,294 DEBUG [Forwarding newSession on session null to remote] wire:73 - http-outgoing-0 >> "      "args": [],[\n]"
2018-07-15 18:14:01,295 DEBUG [Forwarding newSession on session null to remote] wire:73 - http-outgoing-0 >> "      "extensions": [],[\n]"
2018-07-15 18:14:01,295 DEBUG [Forwarding newSession on session null to remote] wire:73 - http-outgoing-0 >> "      "prefs": {[\n]"
2018-07-15 18:14:01,295 DEBUG [Forwarding newSession on session null to remote] wire:73 - http-outgoing-0 >> "        "profile.default_content_setting_values.notifications": 1[\n]"
2018-07-15 18:14:01,296 DEBUG [Forwarding newSession on session null to remote] wire:73 - http-outgoing-0 >> "      }[\n]"
2018-07-15 18:14:01,296 DEBUG [Forwarding newSession on session null to remote] wire:73 - http-outgoing-0 >> "    },[\n]"
2018-07-15 18:14:01,296 DEBUG [Forwarding newSession on session null to remote] wire:73 - http-outgoing-0 >> "    "version": "",[\n]"
2018-07-15 18:14:01,297 DEBUG [Forwarding newSession on session null to remote] wire:73 - http-outgoing-0 >> "    "platform": "ANY"[\n]"
2018-07-15 18:14:01,297 DEBUG [Forwarding newSession on session null to remote] wire:73 - http-outgoing-0 >> "  },[\n]"
2018-07-15 18:14:01,297 DEBUG [Forwarding newSession on session null to remote] wire:73 - http-outgoing-0 >> "  "requiredCapabilities": {},[\n]"
2018-07-15 18:14:01,298 DEBUG [Forwarding newSession on session null to remote] wire:73 - http-outgoing-0 >> "  "capabilities": {[\n]"
2018-07-15 18:14:01,298 DEBUG [Forwarding newSession on session null to remote] wire:73 - http-outgoing-0 >> "    "desiredCapabilities": {[\n]"
2018-07-15 18:14:01,299 DEBUG [Forwarding newSession on session null to remote] wire:73 - http-outgoing-0 >> "      "browserName": "chrome",[\n]"
2018-07-15 18:14:01,299 DEBUG [Forwarding newSession on session null to remote] wire:73 - http-outgoing-0 >> "      "chromeOptions": {[\n]"
2018-07-15 18:14:01,299 DEBUG [Forwarding newSession on session null to remote] wire:73 - http-outgoing-0 >> "        "args": [],[\n]"
2018-07-15 18:14:01,300 DEBUG [Forwarding newSession on session null to remote] wire:73 - http-outgoing-0 >> "        "extensions": [],[\n]"
2018-07-15 18:14:01,300 DEBUG [Forwarding newSession on session null to remote] wire:73 - http-outgoing-0 >> "        "prefs": {[\n]"
2018-07-15 18:14:01,300 DEBUG [Forwarding newSession on session null to remote] wire:73 - http-outgoing-0 >> "          "profile.default_content_setting_values.notifications": 1[\n]"
2018-07-15 18:14:01,301 DEBUG [Forwarding newSession on session null to remote] wire:73 - http-outgoing-0 >> "        }[\n]"
2018-07-15 18:14:01,301 DEBUG [Forwarding newSession on session null to remote] wire:73 - http-outgoing-0 >> "      },[\n]"
2018-07-15 18:14:01,301 DEBUG [Forwarding newSession on session null to remote] wire:73 - http-outgoing-0 >> "      "version": "",[\n]"
2018-07-15 18:14:01,301 DEBUG [Forwarding newSession on session null to remote] wire:73 - http-outgoing-0 >> "      "platform": "ANY"[\n]"
2018-07-15 18:14:01,302 DEBUG [Forwarding newSession on session null to remote] wire:73 - http-outgoing-0 >> "    },[\n]"
2018-07-15 18:14:01,302 DEBUG [Forwarding newSession on session null to remote] wire:73 - http-outgoing-0 >> "    "requiredCapabilities": {},[\n]"
2018-07-15 18:14:01,303 DEBUG [Forwarding newSession on session null to remote] wire:73 - http-outgoing-0 >> "    "alwaysMatch": {},[\n]"
2018-07-15 18:14:01,304 DEBUG [Forwarding newSession on session null to remote] wire:73 - http-outgoing-0 >> "    "firstMatch": [[\n]"
2018-07-15 18:14:01,304 DEBUG [Forwarding newSession on session null to remote] wire:73 - http-outgoing-0 >> "      {[\n]"
2018-07-15 18:14:01,304 DEBUG [Forwarding newSession on session null to remote] wire:73 - http-outgoing-0 >> "        "browserName": "chrome"[\n]"
2018-07-15 18:14:01,305 DEBUG [Forwarding newSession on session null to remote] wire:73 - http-outgoing-0 >> "      }[\n]"
2018-07-15 18:14:01,305 DEBUG [Forwarding newSession on session null to remote] wire:73 - http-outgoing-0 >> "    ][\n]"
2018-07-15 18:14:01,305 DEBUG [Forwarding newSession on session null to remote] wire:73 - http-outgoing-0 >> "  }[\n]"
2018-07-15 18:14:01,306 DEBUG [Forwarding newSession on session null to remote] wire:87 - http-outgoing-0 >> "}"
2018-07-15 18:14:03,205 DEBUG [Forwarding newSession on session null to remote] wire:73 - http-outgoing-0 << "HTTP/1.1 200 OK[\r][\n]"
2018-07-15 18:14:03,222 DEBUG [Forwarding newSession on session null to remote] wire:73 - http-outgoing-0 << "Content-Length:829[\r][\n]"
2018-07-15 18:14:03,223 DEBUG [Forwarding newSession on session null to remote] wire:73 - http-outgoing-0 << "Content-Type:application/json; charset=utf-8[\r][\n]"
2018-07-15 18:14:03,224 DEBUG [Forwarding newSession on session null to remote] wire:73 - http-outgoing-0 << "[\r][\n]"
2018-07-15 18:14:03,225 DEBUG [Forwarding newSession on session null to remote] wire:87 - http-outgoing-0 << "{"sessionId":"87b616990ea84b95dbb6a03512f245a1","status":0,"value":{"acceptInsecureCerts":false,"acceptSslCerts":false,"applicationCacheEnabled":false,"browserConnectionEnabled":false,"browserName":"chrome","chrome":{"chromedriverVersion":"2.37.544315 (730aa6a5fdba159ac9f4c1e8cbc59bf1b5ce12b7)","userDataDir":"C:\\Users\\saiku\\AppData\\Local\\Temp\\scoped_dir16356_10297"},"cssSelectorsEnabled":true,"databaseEnabled":false,"handlesAlerts":true,"hasTouchScreen":false,"javascriptEnabled":true,"locationContextEnabled":true,"mobileEmulationEnabled":false,"nativeEvents":true,"networkConnectionEnabled":false,"pageLoadStrategy":"normal","platform":"Windows NT","rotatable":false,"setWindowRect":true,"takesHeapSnapshot":true,"takesScreenshot":true,"unexpectedAlertBehaviour":"","version":"67.0.3396.99","webStorageEnabled":true}}"
2018-07-15 18:14:03,230 DEBUG [Forwarding newSession on session null to remote] headers:122 - http-outgoing-0 << HTTP/1.1 200 OK
2018-07-15 18:14:03,231 DEBUG [Forwarding newSession on session null to remote] headers:125 - http-outgoing-0 << Content-Length:829
2018-07-15 18:14:03,232 DEBUG [Forwarding newSession on session null to remote] headers:125 - http-outgoing-0 << Content-Type:application/json; charset=utf-8
2018-07-15 18:14:03,241 DEBUG [Forwarding newSession on session null to remote] MainClientExec:285 - Connection can be kept alive indefinitely
2018-07-15 18:14:03,248 DEBUG [Forwarding newSession on session null to remote] PoolingHttpClientConnectionManager:320 - Connection [id: 0][route: {}->http://localhost:34314] can be kept alive indefinitely
2018-07-15 18:14:03,249 DEBUG [Forwarding newSession on session null to remote] PoolingHttpClientConnectionManager:326 - Connection released: [id: 0][route: {}->http://localhost:34314][total kept alive: 1; route allocated: 1 of 2000; total allocated: 1 of 2000]
2018-07-15 18:14:03,385 DEBUG [Forwarding maximizeCurrentWindow on session 87b616990ea84b95dbb6a03512f245a1 to remote] RequestAddCookies:123 - CookieSpec selected: default
2018-07-15 18:14:03,389 DEBUG [Forwarding maximizeCurrentWindow on session 87b616990ea84b95dbb6a03512f245a1 to remote] RequestAuthCache:77 - Auth cache not set in the context
2018-07-15 18:14:03,389 DEBUG [Forwarding maximizeCurrentWindow on session 87b616990ea84b95dbb6a03512f245a1 to remote] PoolingHttpClientConnectionManager:255 - Connection request: [route: {}->http://localhost:34314][total kept alive: 1; route allocated: 1 of 2000; total allocated: 1 of 2000]
2018-07-15 18:14:03,390 DEBUG [Forwarding maximizeCurrentWindow on session 87b616990ea84b95dbb6a03512f245a1 to remote] PoolingHttpClientConnectionManager:288 - Connection leased: [id: 0][route: {}->http://localhost:34314][total kept alive: 0; route allocated: 1 of 2000; total allocated: 1 of 2000]
2018-07-15 18:14:03,391 DEBUG [Forwarding maximizeCurrentWindow on session 87b616990ea84b95dbb6a03512f245a1 to remote] MainClientExec:208 - Stale connection check
2018-07-15 18:14:03,393 DEBUG [Forwarding maximizeCurrentWindow on session 87b616990ea84b95dbb6a03512f245a1 to remote] wire:87 - http-outgoing-0 << "[read] I/O error: Read timed out"
2018-07-15 18:14:03,394 DEBUG [Forwarding maximizeCurrentWindow on session 87b616990ea84b95dbb6a03512f245a1 to remote] DefaultManagedHttpClientConnection:88 - http-outgoing-0: set socket timeout to 10800000
2018-07-15 18:14:03,394 DEBUG [Forwarding maximizeCurrentWindow on session 87b616990ea84b95dbb6a03512f245a1 to remote] MainClientExec:256 - Executing request POST /session/87b616990ea84b95dbb6a03512f245a1/window/current/maximize HTTP/1.1
2018-07-15 18:14:03,394 DEBUG [Forwarding maximizeCurrentWindow on session 87b616990ea84b95dbb6a03512f245a1 to remote] MainClientExec:261 - Target auth state: UNCHALLENGED
2018-07-15 18:14:03,395 DEBUG [Forwarding maximizeCurrentWindow on session 87b616990ea84b95dbb6a03512f245a1 to remote] MainClientExec:267 - Proxy auth state: UNCHALLENGED
2018-07-15 18:14:03,395 DEBUG [Forwarding maximizeCurrentWindow on session 87b616990ea84b95dbb6a03512f245a1 to remote] headers:133 - http-outgoing-0 >> POST /session/87b616990ea84b95dbb6a03512f245a1/window/current/maximize HTTP/1.1
2018-07-15 18:14:03,396 DEBUG [Forwarding maximizeCurrentWindow on session 87b616990ea84b95dbb6a03512f245a1 to remote] headers:136 - http-outgoing-0 >> Content-Type: application/json; charset=utf-8
2018-07-15 18:14:03,396 DEBUG [Forwarding maximizeCurrentWindow on session 87b616990ea84b95dbb6a03512f245a1 to remote] headers:136 - http-outgoing-0 >> Content-Length: 45
2018-07-15 18:14:03,397 DEBUG [Forwarding maximizeCurrentWindow on session 87b616990ea84b95dbb6a03512f245a1 to remote] headers:136 - http-outgoing-0 >> Host: localhost:34314
2018-07-15 18:14:03,397 DEBUG [Forwarding maximizeCurrentWindow on session 87b616990ea84b95dbb6a03512f245a1 to remote] headers:136 - http-outgoing-0 >> Connection: Keep-Alive
2018-07-15 18:14:03,398 DEBUG [Forwarding maximizeCurrentWindow on session 87b616990ea84b95dbb6a03512f245a1 to remote] headers:136 - http-outgoing-0 >> User-Agent: Apache-HttpClient/4.5.3 (Java/1.8.0_131)
2018-07-15 18:14:03,398 DEBUG [Forwarding maximizeCurrentWindow on session 87b616990ea84b95dbb6a03512f245a1 to remote] headers:136 - http-outgoing-0 >> Accept-Encoding: gzip,deflate
2018-07-15 18:14:03,399 DEBUG [Forwarding maximizeCurrentWindow on session 87b616990ea84b95dbb6a03512f245a1 to remote] wire:73 - http-outgoing-0 >> "POST /session/87b616990ea84b95dbb6a03512f245a1/window/current/maximize HTTP/1.1[\r][\n]"
2018-07-15 18:14:03,399 DEBUG [Forwarding maximizeCurrentWindow on session 87b616990ea84b95dbb6a03512f245a1 to remote] wire:73 - http-outgoing-0 >> "Content-Type: application/json; charset=utf-8[\r][\n]"
2018-07-15 18:14:03,400 DEBUG [Forwarding maximizeCurrentWindow on session 87b616990ea84b95dbb6a03512f245a1 to remote] wire:73 - http-outgoing-0 >> "Content-Length: 45[\r][\n]"
2018-07-15 18:14:03,400 DEBUG [Forwarding maximizeCurrentWindow on session 87b616990ea84b95dbb6a03512f245a1 to remote] wire:73 - http-outgoing-0 >> "Host: localhost:34314[\r][\n]"
2018-07-15 18:14:03,400 DEBUG [Forwarding maximizeCurrentWindow on session 87b616990ea84b95dbb6a03512f245a1 to remote] wire:73 - http-outgoing-0 >> "Connection: Keep-Alive[\r][\n]"
2018-07-15 18:14:03,401 DEBUG [Forwarding maximizeCurrentWindow on session 87b616990ea84b95dbb6a03512f245a1 to remote] wire:73 - http-outgoing-0 >> "User-Agent: Apache-HttpClient/4.5.3 (Java/1.8.0_131)[\r][\n]"
2018-07-15 18:14:03,401 DEBUG [Forwarding maximizeCurrentWindow on session 87b616990ea84b95dbb6a03512f245a1 to remote] wire:73 - http-outgoing-0 >> "Accept-Encoding: gzip,deflate[\r][\n]"
2018-07-15 18:14:03,402 DEBUG [Forwarding maximizeCurrentWindow on session 87b616990ea84b95dbb6a03512f245a1 to remote] wire:73 - http-outgoing-0 >> "[\r][\n]"
2018-07-15 18:14:03,405 DEBUG [Forwarding maximizeCurrentWindow on session 87b616990ea84b95dbb6a03512f245a1 to remote] wire:87 - http-outgoing-0 >> "{"windowHandle":"current","handle":"current"}"
2018-07-15 18:14:04,560 DEBUG [Forwarding maximizeCurrentWindow on session 87b616990ea84b95dbb6a03512f245a1 to remote] wire:73 - http-outgoing-0 << "HTTP/1.1 200 OK[\r][\n]"
2018-07-15 18:14:04,561 DEBUG [Forwarding maximizeCurrentWindow on session 87b616990ea84b95dbb6a03512f245a1 to remote] wire:73 - http-outgoing-0 << "Content-Length:72[\r][\n]"
2018-07-15 18:14:04,562 DEBUG [Forwarding maximizeCurrentWindow on session 87b616990ea84b95dbb6a03512f245a1 to remote] wire:73 - http-outgoing-0 << "Content-Type:application/json; charset=utf-8[\r][\n]"
2018-07-15 18:14:04,562 DEBUG [Forwarding maximizeCurrentWindow on session 87b616990ea84b95dbb6a03512f245a1 to remote] wire:73 - http-outgoing-0 << "[\r][\n]"
2018-07-15 18:14:04,563 DEBUG [Forwarding maximizeCurrentWindow on session 87b616990ea84b95dbb6a03512f245a1 to remote] wire:87 - http-outgoing-0 << "{"sessionId":"87b616990ea84b95dbb6a03512f245a1","status":0,"value":null}"
2018-07-15 18:14:04,563 DEBUG [Forwarding maximizeCurrentWindow on session 87b616990ea84b95dbb6a03512f245a1 to remote] headers:122 - http-outgoing-0 << HTTP/1.1 200 OK
2018-07-15 18:14:04,564 DEBUG [Forwarding maximizeCurrentWindow on session 87b616990ea84b95dbb6a03512f245a1 to remote] headers:125 - http-outgoing-0 << Content-Length:72
2018-07-15 18:14:04,564 DEBUG [Forwarding maximizeCurrentWindow on session 87b616990ea84b95dbb6a03512f245a1 to remote] headers:125 - http-outgoing-0 << Content-Type:application/json; charset=utf-8
2018-07-15 18:14:04,565 DEBUG [Forwarding maximizeCurrentWindow on session 87b616990ea84b95dbb6a03512f245a1 to remote] MainClientExec:285 - Connection can be kept alive indefinitely
2018-07-15 18:14:04,566 DEBUG [Forwarding maximizeCurrentWindow on session 87b616990ea84b95dbb6a03512f245a1 to remote] PoolingHttpClientConnectionManager:320 - Connection [id: 0][route: {}->http://localhost:34314] can be kept alive indefinitely
2018-07-15 18:14:04,566 DEBUG [Forwarding maximizeCurrentWindow on session 87b616990ea84b95dbb6a03512f245a1 to remote] PoolingHttpClientConnectionManager:326 - Connection released: [id: 0][route: {}->http://localhost:34314][total kept alive: 1; route allocated: 1 of 2000; total allocated: 1 of 2000]
2018-07-15 18:14:04,572 DEBUG [Forwarding deleteAllCookies on session 87b616990ea84b95dbb6a03512f245a1 to remote] RequestAddCookies:123 - CookieSpec selected: default
2018-07-15 18:14:04,573 DEBUG [Forwarding deleteAllCookies on session 87b616990ea84b95dbb6a03512f245a1 to remote] RequestAuthCache:77 - Auth cache not set in the context
2018-07-15 18:14:04,573 DEBUG [Forwarding deleteAllCookies on session 87b616990ea84b95dbb6a03512f245a1 to remote] PoolingHttpClientConnectionManager:255 - Connection request: [route: {}->http://localhost:34314][total kept alive: 1; route allocated: 1 of 2000; total allocated: 1 of 2000]
2018-07-15 18:14:04,574 DEBUG [Forwarding deleteAllCookies on session 87b616990ea84b95dbb6a03512f245a1 to remote] PoolingHttpClientConnectionManager:288 - Connection leased: [id: 0][route: {}->http://localhost:34314][total kept alive: 0; route allocated: 1 of 2000; total allocated: 1 of 2000]
2018-07-15 18:14:04,574 DEBUG [Forwarding deleteAllCookies on session 87b616990ea84b95dbb6a03512f245a1 to remote] MainClientExec:208 - Stale connection check
2018-07-15 18:14:04,577 DEBUG [Forwarding deleteAllCookies on session 87b616990ea84b95dbb6a03512f245a1 to remote] wire:87 - http-outgoing-0 << "[read] I/O error: Read timed out"
2018-07-15 18:14:04,577 DEBUG [Forwarding deleteAllCookies on session 87b616990ea84b95dbb6a03512f245a1 to remote] DefaultManagedHttpClientConnection:88 - http-outgoing-0: set socket timeout to 10800000
2018-07-15 18:14:04,578 DEBUG [Forwarding deleteAllCookies on session 87b616990ea84b95dbb6a03512f245a1 to remote] MainClientExec:256 - Executing request DELETE /session/87b616990ea84b95dbb6a03512f245a1/cookie HTTP/1.1
2018-07-15 18:14:04,578 DEBUG [Forwarding deleteAllCookies on session 87b616990ea84b95dbb6a03512f245a1 to remote] MainClientExec:261 - Target auth state: UNCHALLENGED
2018-07-15 18:14:04,578 DEBUG [Forwarding deleteAllCookies on session 87b616990ea84b95dbb6a03512f245a1 to remote] MainClientExec:267 - Proxy auth state: UNCHALLENGED
2018-07-15 18:14:04,579 DEBUG [Forwarding deleteAllCookies on session 87b616990ea84b95dbb6a03512f245a1 to remote] headers:133 - http-outgoing-0 >> DELETE /session/87b616990ea84b95dbb6a03512f245a1/cookie HTTP/1.1
2018-07-15 18:14:04,579 DEBUG [Forwarding deleteAllCookies on session 87b616990ea84b95dbb6a03512f245a1 to remote] headers:136 - http-outgoing-0 >> Host: localhost:34314
2018-07-15 18:14:04,579 DEBUG [Forwarding deleteAllCookies on session 87b616990ea84b95dbb6a03512f245a1 to remote] headers:136 - http-outgoing-0 >> Connection: Keep-Alive
2018-07-15 18:14:04,580 DEBUG [Forwarding deleteAllCookies on session 87b616990ea84b95dbb6a03512f245a1 to remote] headers:136 - http-outgoing-0 >> User-Agent: Apache-HttpClient/4.5.3 (Java/1.8.0_131)
2018-07-15 18:14:04,580 DEBUG [Forwarding deleteAllCookies on session 87b616990ea84b95dbb6a03512f245a1 to remote] headers:136 - http-outgoing-0 >> Accept-Encoding: gzip,deflate
2018-07-15 18:14:04,580 DEBUG [Forwarding deleteAllCookies on session 87b616990ea84b95dbb6a03512f245a1 to remote] wire:73 - http-outgoing-0 >> "DELETE /session/87b616990ea84b95dbb6a03512f245a1/cookie HTTP/1.1[\r][\n]"
2018-07-15 18:14:04,581 DEBUG [Forwarding deleteAllCookies on session 87b616990ea84b95dbb6a03512f245a1 to remote] wire:73 - http-outgoing-0 >> "Host: localhost:34314[\r][\n]"
2018-07-15 18:14:04,581 DEBUG [Forwarding deleteAllCookies on session 87b616990ea84b95dbb6a03512f245a1 to remote] wire:73 - http-outgoing-0 >> "Connection: Keep-Alive[\r][\n]"
2018-07-15 18:14:04,582 DEBUG [Forwarding deleteAllCookies on session 87b616990ea84b95dbb6a03512f245a1 to remote] wire:73 - http-outgoing-0 >> "User-Agent: Apache-HttpClient/4.5.3 (Java/1.8.0_131)[\r][\n]"
2018-07-15 18:14:04,582 DEBUG [Forwarding deleteAllCookies on session 87b616990ea84b95dbb6a03512f245a1 to remote] wire:73 - http-outgoing-0 >> "Accept-Encoding: gzip,deflate[\r][\n]"
2018-07-15 18:14:04,583 DEBUG [Forwarding deleteAllCookies on session 87b616990ea84b95dbb6a03512f245a1 to remote] wire:73 - http-outgoing-0 >> "[\r][\n]"
2018-07-15 18:14:04,715 DEBUG [Forwarding deleteAllCookies on session 87b616990ea84b95dbb6a03512f245a1 to remote] wire:73 - http-outgoing-0 << "HTTP/1.1 200 OK[\r][\n]"
2018-07-15 18:14:04,716 DEBUG [Forwarding deleteAllCookies on session 87b616990ea84b95dbb6a03512f245a1 to remote] wire:73 - http-outgoing-0 << "Content-Length:72[\r][\n]"
2018-07-15 18:14:04,717 DEBUG [Forwarding deleteAllCookies on session 87b616990ea84b95dbb6a03512f245a1 to remote] wire:73 - http-outgoing-0 << "Content-Type:application/json; charset=utf-8[\r][\n]"
2018-07-15 18:14:04,717 DEBUG [Forwarding deleteAllCookies on session 87b616990ea84b95dbb6a03512f245a1 to remote] wire:73 - http-outgoing-0 << "[\r][\n]"
2018-07-15 18:14:04,718 DEBUG [Forwarding deleteAllCookies on session 87b616990ea84b95dbb6a03512f245a1 to remote] wire:87 - http-outgoing-0 << "{"sessionId":"87b616990ea84b95dbb6a03512f245a1","status":0,"value":null}"
2018-07-15 18:14:04,718 DEBUG [Forwarding deleteAllCookies on session 87b616990ea84b95dbb6a03512f245a1 to remote] headers:122 - http-outgoing-0 << HTTP/1.1 200 OK
2018-07-15 18:14:04,719 DEBUG [Forwarding deleteAllCookies on session 87b616990ea84b95dbb6a03512f245a1 to remote] headers:125 - http-outgoing-0 << Content-Length:72
2018-07-15 18:14:04,719 DEBUG [Forwarding deleteAllCookies on session 87b616990ea84b95dbb6a03512f245a1 to remote] headers:125 - http-outgoing-0 << Content-Type:application/json; charset=utf-8
2018-07-15 18:14:04,720 DEBUG [Forwarding deleteAllCookies on session 87b616990ea84b95dbb6a03512f245a1 to remote] MainClientExec:285 - Connection can be kept alive indefinitely
2018-07-15 18:14:04,721 DEBUG [Forwarding deleteAllCookies on session 87b616990ea84b95dbb6a03512f245a1 to remote] PoolingHttpClientConnectionManager:320 - Connection [id: 0][route: {}->http://localhost:34314] can be kept alive indefinitely
2018-07-15 18:14:04,722 DEBUG [Forwarding deleteAllCookies on session 87b616990ea84b95dbb6a03512f245a1 to remote] PoolingHttpClientConnectionManager:326 - Connection released: [id: 0][route: {}->http://localhost:34314][total kept alive: 1; route allocated: 1 of 2000; total allocated: 1 of 2000]
2018-07-15 18:14:04,740 DEBUG [Forwarding setTimeout on session 87b616990ea84b95dbb6a03512f245a1 to remote] RequestAddCookies:123 - CookieSpec selected: default
2018-07-15 18:14:04,740 DEBUG [Forwarding setTimeout on session 87b616990ea84b95dbb6a03512f245a1 to remote] RequestAuthCache:77 - Auth cache not set in the context
2018-07-15 18:14:04,741 DEBUG [Forwarding setTimeout on session 87b616990ea84b95dbb6a03512f245a1 to remote] PoolingHttpClientConnectionManager:255 - Connection request: [route: {}->http://localhost:34314][total kept alive: 1; route allocated: 1 of 2000; total allocated: 1 of 2000]
2018-07-15 18:14:04,742 DEBUG [Forwarding setTimeout on session 87b616990ea84b95dbb6a03512f245a1 to remote] PoolingHttpClientConnectionManager:288 - Connection leased: [id: 0][route: {}->http://localhost:34314][total kept alive: 0; route allocated: 1 of 2000; total allocated: 1 of 2000]
2018-07-15 18:14:04,742 DEBUG [Forwarding setTimeout on session 87b616990ea84b95dbb6a03512f245a1 to remote] MainClientExec:208 - Stale connection check
2018-07-15 18:14:04,745 DEBUG [Forwarding setTimeout on session 87b616990ea84b95dbb6a03512f245a1 to remote] wire:87 - http-outgoing-0 << "[read] I/O error: Read timed out"
2018-07-15 18:14:04,745 DEBUG [Forwarding setTimeout on session 87b616990ea84b95dbb6a03512f245a1 to remote] DefaultManagedHttpClientConnection:88 - http-outgoing-0: set socket timeout to 10800000
2018-07-15 18:14:04,746 DEBUG [Forwarding setTimeout on session 87b616990ea84b95dbb6a03512f245a1 to remote] MainClientExec:256 - Executing request POST /session/87b616990ea84b95dbb6a03512f245a1/timeouts HTTP/1.1
2018-07-15 18:14:04,746 DEBUG [Forwarding setTimeout on session 87b616990ea84b95dbb6a03512f245a1 to remote] MainClientExec:261 - Target auth state: UNCHALLENGED
2018-07-15 18:14:04,746 DEBUG [Forwarding setTimeout on session 87b616990ea84b95dbb6a03512f245a1 to remote] MainClientExec:267 - Proxy auth state: UNCHALLENGED
2018-07-15 18:14:04,747 DEBUG [Forwarding setTimeout on session 87b616990ea84b95dbb6a03512f245a1 to remote] headers:133 - http-outgoing-0 >> POST /session/87b616990ea84b95dbb6a03512f245a1/timeouts HTTP/1.1
2018-07-15 18:14:04,747 DEBUG [Forwarding setTimeout on session 87b616990ea84b95dbb6a03512f245a1 to remote] headers:136 - http-outgoing-0 >> Content-Type: application/json; charset=utf-8
2018-07-15 18:14:04,748 DEBUG [Forwarding setTimeout on session 87b616990ea84b95dbb6a03512f245a1 to remote] headers:136 - http-outgoing-0 >> Content-Length: 30
2018-07-15 18:14:04,748 DEBUG [Forwarding setTimeout on session 87b616990ea84b95dbb6a03512f245a1 to remote] headers:136 - http-outgoing-0 >> Host: localhost:34314
2018-07-15 18:14:04,749 DEBUG [Forwarding setTimeout on session 87b616990ea84b95dbb6a03512f245a1 to remote] headers:136 - http-outgoing-0 >> Connection: Keep-Alive
2018-07-15 18:14:04,749 DEBUG [Forwarding setTimeout on session 87b616990ea84b95dbb6a03512f245a1 to remote] headers:136 - http-outgoing-0 >> User-Agent: Apache-HttpClient/4.5.3 (Java/1.8.0_131)
2018-07-15 18:14:04,750 DEBUG [Forwarding setTimeout on session 87b616990ea84b95dbb6a03512f245a1 to remote] headers:136 - http-outgoing-0 >> Accept-Encoding: gzip,deflate
2018-07-15 18:14:04,750 DEBUG [Forwarding setTimeout on session 87b616990ea84b95dbb6a03512f245a1 to remote] wire:73 - http-outgoing-0 >> "POST /session/87b616990ea84b95dbb6a03512f245a1/timeouts HTTP/1.1[\r][\n]"
2018-07-15 18:14:04,751 DEBUG [Forwarding setTimeout on session 87b616990ea84b95dbb6a03512f245a1 to remote] wire:73 - http-outgoing-0 >> "Content-Type: application/json; charset=utf-8[\r][\n]"
2018-07-15 18:14:04,751 DEBUG [Forwarding setTimeout on session 87b616990ea84b95dbb6a03512f245a1 to remote] wire:73 - http-outgoing-0 >> "Content-Length: 30[\r][\n]"
2018-07-15 18:14:04,752 DEBUG [Forwarding setTimeout on session 87b616990ea84b95dbb6a03512f245a1 to remote] wire:73 - http-outgoing-0 >> "Host: localhost:34314[\r][\n]"
2018-07-15 18:14:04,752 DEBUG [Forwarding setTimeout on session 87b616990ea84b95dbb6a03512f245a1 to remote] wire:73 - http-outgoing-0 >> "Connection: Keep-Alive[\r][\n]"
2018-07-15 18:14:04,753 DEBUG [Forwarding setTimeout on session 87b616990ea84b95dbb6a03512f245a1 to remote] wire:73 - http-outgoing-0 >> "User-Agent: Apache-HttpClient/4.5.3 (Java/1.8.0_131)[\r][\n]"
2018-07-15 18:14:04,753 DEBUG [Forwarding setTimeout on session 87b616990ea84b95dbb6a03512f245a1 to remote] wire:73 - http-outgoing-0 >> "Accept-Encoding: gzip,deflate[\r][\n]"
2018-07-15 18:14:04,754 DEBUG [Forwarding setTimeout on session 87b616990ea84b95dbb6a03512f245a1 to remote] wire:73 - http-outgoing-0 >> "[\r][\n]"
2018-07-15 18:14:04,754 DEBUG [Forwarding setTimeout on session 87b616990ea84b95dbb6a03512f245a1 to remote] wire:87 - http-outgoing-0 >> "{"type":"implicit","ms":60000}"
2018-07-15 18:14:04,765 DEBUG [Forwarding setTimeout on session 87b616990ea84b95dbb6a03512f245a1 to remote] wire:73 - http-outgoing-0 << "HTTP/1.1 200 OK[\r][\n]"
2018-07-15 18:14:04,765 DEBUG [Forwarding setTimeout on session 87b616990ea84b95dbb6a03512f245a1 to remote] wire:73 - http-outgoing-0 << "Content-Length:72[\r][\n]"
2018-07-15 18:14:04,766 DEBUG [Forwarding setTimeout on session 87b616990ea84b95dbb6a03512f245a1 to remote] wire:73 - http-outgoing-0 << "Content-Type:application/json; charset=utf-8[\r][\n]"
2018-07-15 18:14:04,766 DEBUG [Forwarding setTimeout on session 87b616990ea84b95dbb6a03512f245a1 to remote] wire:73 - http-outgoing-0 << "[\r][\n]"
2018-07-15 18:14:04,767 DEBUG [Forwarding setTimeout on session 87b616990ea84b95dbb6a03512f245a1 to remote] wire:87 - http-outgoing-0 << "{"sessionId":"87b616990ea84b95dbb6a03512f245a1","status":0,"value":null}"
2018-07-15 18:14:04,767 DEBUG [Forwarding setTimeout on session 87b616990ea84b95dbb6a03512f245a1 to remote] headers:122 - http-outgoing-0 << HTTP/1.1 200 OK
2018-07-15 18:14:04,768 DEBUG [Forwarding setTimeout on session 87b616990ea84b95dbb6a03512f245a1 to remote] headers:125 - http-outgoing-0 << Content-Length:72
2018-07-15 18:14:04,768 DEBUG [Forwarding setTimeout on session 87b616990ea84b95dbb6a03512f245a1 to remote] headers:125 - http-outgoing-0 << Content-Type:application/json; charset=utf-8
2018-07-15 18:14:04,769 DEBUG [Forwarding setTimeout on session 87b616990ea84b95dbb6a03512f245a1 to remote] MainClientExec:285 - Connection can be kept alive indefinitely
2018-07-15 18:14:04,770 DEBUG [Forwarding setTimeout on session 87b616990ea84b95dbb6a03512f245a1 to remote] PoolingHttpClientConnectionManager:320 - Connection [id: 0][route: {}->http://localhost:34314] can be kept alive indefinitely
2018-07-15 18:14:04,772 DEBUG [Forwarding setTimeout on session 87b616990ea84b95dbb6a03512f245a1 to remote] PoolingHttpClientConnectionManager:326 - Connection released: [id: 0][route: {}->http://localhost:34314][total kept alive: 1; route allocated: 1 of 2000; total allocated: 1 of 2000]
2018-07-15 18:14:04,775 DEBUG [Forwarding get on session 87b616990ea84b95dbb6a03512f245a1 to remote] RequestAddCookies:123 - CookieSpec selected: default
2018-07-15 18:14:04,776 DEBUG [Forwarding get on session 87b616990ea84b95dbb6a03512f245a1 to remote] RequestAuthCache:77 - Auth cache not set in the context
2018-07-15 18:14:04,776 DEBUG [Forwarding get on session 87b616990ea84b95dbb6a03512f245a1 to remote] PoolingHttpClientConnectionManager:255 - Connection request: [route: {}->http://localhost:34314][total kept alive: 1; route allocated: 1 of 2000; total allocated: 1 of 2000]
2018-07-15 18:14:04,777 DEBUG [Forwarding get on session 87b616990ea84b95dbb6a03512f245a1 to remote] PoolingHttpClientConnectionManager:288 - Connection leased: [id: 0][route: {}->http://localhost:34314][total kept alive: 0; route allocated: 1 of 2000; total allocated: 1 of 2000]
2018-07-15 18:14:04,777 DEBUG [Forwarding get on session 87b616990ea84b95dbb6a03512f245a1 to remote] MainClientExec:208 - Stale connection check
2018-07-15 18:14:04,780 DEBUG [Forwarding get on session 87b616990ea84b95dbb6a03512f245a1 to remote] wire:87 - http-outgoing-0 << "[read] I/O error: Read timed out"
2018-07-15 18:14:04,781 DEBUG [Forwarding get on session 87b616990ea84b95dbb6a03512f245a1 to remote] DefaultManagedHttpClientConnection:88 - http-outgoing-0: set socket timeout to 10800000
2018-07-15 18:14:04,781 DEBUG [Forwarding get on session 87b616990ea84b95dbb6a03512f245a1 to remote] MainClientExec:256 - Executing request POST /session/87b616990ea84b95dbb6a03512f245a1/url HTTP/1.1
2018-07-15 18:14:04,782 DEBUG [Forwarding get on session 87b616990ea84b95dbb6a03512f245a1 to remote] MainClientExec:261 - Target auth state: UNCHALLENGED
2018-07-15 18:14:04,782 DEBUG [Forwarding get on session 87b616990ea84b95dbb6a03512f245a1 to remote] MainClientExec:267 - Proxy auth state: UNCHALLENGED
2018-07-15 18:14:04,783 DEBUG [Forwarding get on session 87b616990ea84b95dbb6a03512f245a1 to remote] headers:133 - http-outgoing-0 >> POST /session/87b616990ea84b95dbb6a03512f245a1/url HTTP/1.1
2018-07-15 18:14:04,783 DEBUG [Forwarding get on session 87b616990ea84b95dbb6a03512f245a1 to remote] headers:136 - http-outgoing-0 >> Content-Type: application/json; charset=utf-8
2018-07-15 18:14:04,784 DEBUG [Forwarding get on session 87b616990ea84b95dbb6a03512f245a1 to remote] headers:136 - http-outgoing-0 >> Content-Length: 34
2018-07-15 18:14:04,784 DEBUG [Forwarding get on session 87b616990ea84b95dbb6a03512f245a1 to remote] headers:136 - http-outgoing-0 >> Host: localhost:34314
2018-07-15 18:14:04,785 DEBUG [Forwarding get on session 87b616990ea84b95dbb6a03512f245a1 to remote] headers:136 - http-outgoing-0 >> Connection: Keep-Alive
2018-07-15 18:14:04,785 DEBUG [Forwarding get on session 87b616990ea84b95dbb6a03512f245a1 to remote] headers:136 - http-outgoing-0 >> User-Agent: Apache-HttpClient/4.5.3 (Java/1.8.0_131)
2018-07-15 18:14:04,786 DEBUG [Forwarding get on session 87b616990ea84b95dbb6a03512f245a1 to remote] headers:136 - http-outgoing-0 >> Accept-Encoding: gzip,deflate
2018-07-15 18:14:04,786 DEBUG [Forwarding get on session 87b616990ea84b95dbb6a03512f245a1 to remote] wire:73 - http-outgoing-0 >> "POST /session/87b616990ea84b95dbb6a03512f245a1/url HTTP/1.1[\r][\n]"
2018-07-15 18:14:04,787 DEBUG [Forwarding get on session 87b616990ea84b95dbb6a03512f245a1 to remote] wire:73 - http-outgoing-0 >> "Content-Type: application/json; charset=utf-8[\r][\n]"
2018-07-15 18:14:04,787 DEBUG [Forwarding get on session 87b616990ea84b95dbb6a03512f245a1 to remote] wire:73 - http-outgoing-0 >> "Content-Length: 34[\r][\n]"
2018-07-15 18:14:04,788 DEBUG [Forwarding get on session 87b616990ea84b95dbb6a03512f245a1 to remote] wire:73 - http-outgoing-0 >> "Host: localhost:34314[\r][\n]"
2018-07-15 18:14:04,788 DEBUG [Forwarding get on session 87b616990ea84b95dbb6a03512f245a1 to remote] wire:73 - http-outgoing-0 >> "Connection: Keep-Alive[\r][\n]"
2018-07-15 18:14:04,789 DEBUG [Forwarding get on session 87b616990ea84b95dbb6a03512f245a1 to remote] wire:73 - http-outgoing-0 >> "User-Agent: Apache-HttpClient/4.5.3 (Java/1.8.0_131)[\r][\n]"
2018-07-15 18:14:04,789 DEBUG [Forwarding get on session 87b616990ea84b95dbb6a03512f245a1 to remote] wire:73 - http-outgoing-0 >> "Accept-Encoding: gzip,deflate[\r][\n]"
2018-07-15 18:14:04,791 DEBUG [Forwarding get on session 87b616990ea84b95dbb6a03512f245a1 to remote] wire:73 - http-outgoing-0 >> "[\r][\n]"
2018-07-15 18:14:04,791 DEBUG [Forwarding get on session 87b616990ea84b95dbb6a03512f245a1 to remote] wire:87 - http-outgoing-0 >> "{"url":"https://www.facebook.com"}"
2018-07-15 18:14:37,282 DEBUG [Forwarding get on session 87b616990ea84b95dbb6a03512f245a1 to remote] wire:73 - http-outgoing-0 << "HTTP/1.1 200 OK[\r][\n]"
2018-07-15 18:14:37,283 DEBUG [Forwarding get on session 87b616990ea84b95dbb6a03512f245a1 to remote] wire:73 - http-outgoing-0 << "Content-Length:72[\r][\n]"
2018-07-15 18:14:37,284 DEBUG [Forwarding get on session 87b616990ea84b95dbb6a03512f245a1 to remote] wire:73 - http-outgoing-0 << "Content-Type:application/json; charset=utf-8[\r][\n]"
2018-07-15 18:14:37,285 DEBUG [Forwarding get on session 87b616990ea84b95dbb6a03512f245a1 to remote] wire:73 - http-outgoing-0 << "[\r][\n]"
2018-07-15 18:14:37,286 DEBUG [Forwarding get on session 87b616990ea84b95dbb6a03512f245a1 to remote] wire:87 - http-outgoing-0 << "{"sessionId":"87b616990ea84b95dbb6a03512f245a1","status":0,"value":null}"
2018-07-15 18:14:37,287 DEBUG [Forwarding get on session 87b616990ea84b95dbb6a03512f245a1 to remote] headers:122 - http-outgoing-0 << HTTP/1.1 200 OK
2018-07-15 18:14:37,287 DEBUG [Forwarding get on session 87b616990ea84b95dbb6a03512f245a1 to remote] headers:125 - http-outgoing-0 << Content-Length:72
2018-07-15 18:14:37,287 DEBUG [Forwarding get on session 87b616990ea84b95dbb6a03512f245a1 to remote] headers:125 - http-outgoing-0 << Content-Type:application/json; charset=utf-8
2018-07-15 18:14:37,288 DEBUG [Forwarding get on session 87b616990ea84b95dbb6a03512f245a1 to remote] MainClientExec:285 - Connection can be kept alive indefinitely
2018-07-15 18:14:37,288 DEBUG [Forwarding get on session 87b616990ea84b95dbb6a03512f245a1 to remote] PoolingHttpClientConnectionManager:320 - Connection [id: 0][route: {}->http://localhost:34314] can be kept alive indefinitely
2018-07-15 18:14:37,289 DEBUG [Forwarding get on session 87b616990ea84b95dbb6a03512f245a1 to remote] PoolingHttpClientConnectionManager:326 - Connection released: [id: 0][route: {}->http://localhost:34314][total kept alive: 1; route allocated: 1 of 2000; total allocated: 1 of 2000]
2018-07-15 18:14:38,179 DEBUG [Forwarding getTitle on session 87b616990ea84b95dbb6a03512f245a1 to remote] RequestAddCookies:123 - CookieSpec selected: default
2018-07-15 18:14:38,179 DEBUG [Forwarding getTitle on session 87b616990ea84b95dbb6a03512f245a1 to remote] RequestAuthCache:77 - Auth cache not set in the context
2018-07-15 18:14:38,180 DEBUG [Forwarding getTitle on session 87b616990ea84b95dbb6a03512f245a1 to remote] PoolingHttpClientConnectionManager:255 - Connection request: [route: {}->http://localhost:34314][total kept alive: 1; route allocated: 1 of 2000; total allocated: 1 of 2000]
2018-07-15 18:14:38,181 DEBUG [Forwarding getTitle on session 87b616990ea84b95dbb6a03512f245a1 to remote] PoolingHttpClientConnectionManager:288 - Connection leased: [id: 0][route: {}->http://localhost:34314][total kept alive: 0; route allocated: 1 of 2000; total allocated: 1 of 2000]
2018-07-15 18:14:38,181 DEBUG [Forwarding getTitle on session 87b616990ea84b95dbb6a03512f245a1 to remote] MainClientExec:208 - Stale connection check
2018-07-15 18:14:38,183 DEBUG [Forwarding getTitle on session 87b616990ea84b95dbb6a03512f245a1 to remote] wire:87 - http-outgoing-0 << "[read] I/O error: Read timed out"
2018-07-15 18:14:38,184 DEBUG [Forwarding getTitle on session 87b616990ea84b95dbb6a03512f245a1 to remote] DefaultManagedHttpClientConnection:88 - http-outgoing-0: set socket timeout to 10800000
2018-07-15 18:14:38,184 DEBUG [Forwarding getTitle on session 87b616990ea84b95dbb6a03512f245a1 to remote] MainClientExec:256 - Executing request GET /session/87b616990ea84b95dbb6a03512f245a1/title HTTP/1.1
2018-07-15 18:14:38,185 DEBUG [Forwarding getTitle on session 87b616990ea84b95dbb6a03512f245a1 to remote] MainClientExec:261 - Target auth state: UNCHALLENGED
2018-07-15 18:14:38,185 DEBUG [Forwarding getTitle on session 87b616990ea84b95dbb6a03512f245a1 to remote] MainClientExec:267 - Proxy auth state: UNCHALLENGED
2018-07-15 18:14:38,185 DEBUG [Forwarding getTitle on session 87b616990ea84b95dbb6a03512f245a1 to remote] headers:133 - http-outgoing-0 >> GET /session/87b616990ea84b95dbb6a03512f245a1/title HTTP/1.1
2018-07-15 18:14:38,185 DEBUG [Forwarding getTitle on session 87b616990ea84b95dbb6a03512f245a1 to remote] headers:136 - http-outgoing-0 >> Cache-Control: no-cache
2018-07-15 18:14:38,186 DEBUG [Forwarding getTitle on session 87b616990ea84b95dbb6a03512f245a1 to remote] headers:136 - http-outgoing-0 >> Host: localhost:34314
2018-07-15 18:14:38,186 DEBUG [Forwarding getTitle on session 87b616990ea84b95dbb6a03512f245a1 to remote] headers:136 - http-outgoing-0 >> Connection: Keep-Alive
2018-07-15 18:14:38,186 DEBUG [Forwarding getTitle on session 87b616990ea84b95dbb6a03512f245a1 to remote] headers:136 - http-outgoing-0 >> User-Agent: Apache-HttpClient/4.5.3 (Java/1.8.0_131)
2018-07-15 18:14:38,186 DEBUG [Forwarding getTitle on session 87b616990ea84b95dbb6a03512f245a1 to remote] headers:136 - http-outgoing-0 >> Accept-Encoding: gzip,deflate
2018-07-15 18:14:38,187 DEBUG [Forwarding getTitle on session 87b616990ea84b95dbb6a03512f245a1 to remote] wire:73 - http-outgoing-0 >> "GET /session/87b616990ea84b95dbb6a03512f245a1/title HTTP/1.1[\r][\n]"
2018-07-15 18:14:38,187 DEBUG [Forwarding getTitle on session 87b616990ea84b95dbb6a03512f245a1 to remote] wire:73 - http-outgoing-0 >> "Cache-Control: no-cache[\r][\n]"
2018-07-15 18:14:38,187 DEBUG [Forwarding getTitle on session 87b616990ea84b95dbb6a03512f245a1 to remote] wire:73 - http-outgoing-0 >> "Host: localhost:34314[\r][\n]"
2018-07-15 18:14:38,188 DEBUG [Forwarding getTitle on session 87b616990ea84b95dbb6a03512f245a1 to remote] wire:73 - http-outgoing-0 >> "Connection: Keep-Alive[\r][\n]"
2018-07-15 18:14:38,188 DEBUG [Forwarding getTitle on session 87b616990ea84b95dbb6a03512f245a1 to remote] wire:73 - http-outgoing-0 >> "User-Agent: Apache-HttpClient/4.5.3 (Java/1.8.0_131)[\r][\n]"
2018-07-15 18:14:38,188 DEBUG [Forwarding getTitle on session 87b616990ea84b95dbb6a03512f245a1 to remote] wire:73 - http-outgoing-0 >> "Accept-Encoding: gzip,deflate[\r][\n]"
2018-07-15 18:14:38,188 DEBUG [Forwarding getTitle on session 87b616990ea84b95dbb6a03512f245a1 to remote] wire:73 - http-outgoing-0 >> "[\r][\n]"
2018-07-15 18:14:38,195 DEBUG [Forwarding getTitle on session 87b616990ea84b95dbb6a03512f245a1 to remote] wire:73 - http-outgoing-0 << "HTTP/1.1 200 OK[\r][\n]"
2018-07-15 18:14:38,196 DEBUG [Forwarding getTitle on session 87b616990ea84b95dbb6a03512f245a1 to remote] wire:73 - http-outgoing-0 << "Content-Length:100[\r][\n]"
2018-07-15 18:14:38,196 DEBUG [Forwarding getTitle on session 87b616990ea84b95dbb6a03512f245a1 to remote] wire:73 - http-outgoing-0 << "Content-Type:application/json; charset=utf-8[\r][\n]"
2018-07-15 18:14:38,197 DEBUG [Forwarding getTitle on session 87b616990ea84b95dbb6a03512f245a1 to remote] wire:73 - http-outgoing-0 << "[\r][\n]"
2018-07-15 18:14:38,197 DEBUG [Forwarding getTitle on session 87b616990ea84b95dbb6a03512f245a1 to remote] wire:87 - http-outgoing-0 << "{"sessionId":"87b616990ea84b95dbb6a03512f245a1","status":0,"value":"Facebook [0xe2][0x80][0x93] log in or sign up"}"
2018-07-15 18:14:38,198 DEBUG [Forwarding getTitle on session 87b616990ea84b95dbb6a03512f245a1 to remote] headers:122 - http-outgoing-0 << HTTP/1.1 200 OK
2018-07-15 18:14:38,198 DEBUG [Forwarding getTitle on session 87b616990ea84b95dbb6a03512f245a1 to remote] headers:125 - http-outgoing-0 << Content-Length:100
2018-07-15 18:14:38,198 DEBUG [Forwarding getTitle on session 87b616990ea84b95dbb6a03512f245a1 to remote] headers:125 - http-outgoing-0 << Content-Type:application/json; charset=utf-8
2018-07-15 18:14:38,199 DEBUG [Forwarding getTitle on session 87b616990ea84b95dbb6a03512f245a1 to remote] MainClientExec:285 - Connection can be kept alive indefinitely
2018-07-15 18:14:38,199 DEBUG [Forwarding getTitle on session 87b616990ea84b95dbb6a03512f245a1 to remote] PoolingHttpClientConnectionManager:320 - Connection [id: 0][route: {}->http://localhost:34314] can be kept alive indefinitely
2018-07-15 18:14:38,200 DEBUG [Forwarding getTitle on session 87b616990ea84b95dbb6a03512f245a1 to remote] PoolingHttpClientConnectionManager:326 - Connection released: [id: 0][route: {}->http://localhost:34314][total kept alive: 1; route allocated: 1 of 2000; total allocated: 1 of 2000]
2018-07-15 18:14:38,202  INFO [main] LoginTest:29 - Application Title is: Facebook – log in or sign up
2018-07-15 18:14:38,439 DEBUG [Forwarding quit on session 87b616990ea84b95dbb6a03512f245a1 to remote] RequestAddCookies:123 - CookieSpec selected: default
2018-07-15 18:14:38,441 DEBUG [Forwarding quit on session 87b616990ea84b95dbb6a03512f245a1 to remote] RequestAuthCache:77 - Auth cache not set in the context
2018-07-15 18:14:38,442 DEBUG [Forwarding quit on session 87b616990ea84b95dbb6a03512f245a1 to remote] PoolingHttpClientConnectionManager:255 - Connection request: [route: {}->http://localhost:34314][total kept alive: 1; route allocated: 1 of 2000; total allocated: 1 of 2000]
2018-07-15 18:14:38,443 DEBUG [Forwarding quit on session 87b616990ea84b95dbb6a03512f245a1 to remote] PoolingHttpClientConnectionManager:288 - Connection leased: [id: 0][route: {}->http://localhost:34314][total kept alive: 0; route allocated: 1 of 2000; total allocated: 1 of 2000]
2018-07-15 18:14:38,445 DEBUG [Forwarding quit on session 87b616990ea84b95dbb6a03512f245a1 to remote] MainClientExec:208 - Stale connection check
2018-07-15 18:14:38,449 DEBUG [Forwarding quit on session 87b616990ea84b95dbb6a03512f245a1 to remote] wire:87 - http-outgoing-0 << "[read] I/O error: Read timed out"
2018-07-15 18:14:38,449 DEBUG [Forwarding quit on session 87b616990ea84b95dbb6a03512f245a1 to remote] DefaultManagedHttpClientConnection:88 - http-outgoing-0: set socket timeout to 10800000
2018-07-15 18:14:38,450 DEBUG [Forwarding quit on session 87b616990ea84b95dbb6a03512f245a1 to remote] MainClientExec:256 - Executing request DELETE /session/87b616990ea84b95dbb6a03512f245a1 HTTP/1.1
2018-07-15 18:14:38,450 DEBUG [Forwarding quit on session 87b616990ea84b95dbb6a03512f245a1 to remote] MainClientExec:261 - Target auth state: UNCHALLENGED
2018-07-15 18:14:38,451 DEBUG [Forwarding quit on session 87b616990ea84b95dbb6a03512f245a1 to remote] MainClientExec:267 - Proxy auth state: UNCHALLENGED
2018-07-15 18:14:38,451 DEBUG [Forwarding quit on session 87b616990ea84b95dbb6a03512f245a1 to remote] headers:133 - http-outgoing-0 >> DELETE /session/87b616990ea84b95dbb6a03512f245a1 HTTP/1.1
2018-07-15 18:14:38,452 DEBUG [Forwarding quit on session 87b616990ea84b95dbb6a03512f245a1 to remote] headers:136 - http-outgoing-0 >> Host: localhost:34314
2018-07-15 18:14:38,452 DEBUG [Forwarding quit on session 87b616990ea84b95dbb6a03512f245a1 to remote] headers:136 - http-outgoing-0 >> Connection: Keep-Alive
2018-07-15 18:14:38,452 DEBUG [Forwarding quit on session 87b616990ea84b95dbb6a03512f245a1 to remote] headers:136 - http-outgoing-0 >> User-Agent: Apache-HttpClient/4.5.3 (Java/1.8.0_131)
2018-07-15 18:14:38,453 DEBUG [Forwarding quit on session 87b616990ea84b95dbb6a03512f245a1 to remote] headers:136 - http-outgoing-0 >> Accept-Encoding: gzip,deflate
2018-07-15 18:14:38,453 DEBUG [Forwarding quit on session 87b616990ea84b95dbb6a03512f245a1 to remote] wire:73 - http-outgoing-0 >> "DELETE /session/87b616990ea84b95dbb6a03512f245a1 HTTP/1.1[\r][\n]"
2018-07-15 18:14:38,454 DEBUG [Forwarding quit on session 87b616990ea84b95dbb6a03512f245a1 to remote] wire:73 - http-outgoing-0 >> "Host: localhost:34314[\r][\n]"
2018-07-15 18:14:38,454 DEBUG [Forwarding quit on session 87b616990ea84b95dbb6a03512f245a1 to remote] wire:73 - http-outgoing-0 >> "Connection: Keep-Alive[\r][\n]"
2018-07-15 18:14:38,455 DEBUG [Forwarding quit on session 87b616990ea84b95dbb6a03512f245a1 to remote] wire:73 - http-outgoing-0 >> "User-Agent: Apache-HttpClient/4.5.3 (Java/1.8.0_131)[\r][\n]"
2018-07-15 18:14:38,455 DEBUG [Forwarding quit on session 87b616990ea84b95dbb6a03512f245a1 to remote] wire:73 - http-outgoing-0 >> "Accept-Encoding: gzip,deflate[\r][\n]"
2018-07-15 18:14:38,455 DEBUG [Forwarding quit on session 87b616990ea84b95dbb6a03512f245a1 to remote] wire:73 - http-outgoing-0 >> "[\r][\n]"
2018-07-15 18:14:38,616 DEBUG [Forwarding quit on session 87b616990ea84b95dbb6a03512f245a1 to remote] wire:73 - http-outgoing-0 << "HTTP/1.1 200 OK[\r][\n]"
2018-07-15 18:14:38,620 DEBUG [Forwarding quit on session 87b616990ea84b95dbb6a03512f245a1 to remote] wire:73 - http-outgoing-0 << "Content-Length:72[\r][\n]"
2018-07-15 18:14:38,620 DEBUG [Forwarding quit on session 87b616990ea84b95dbb6a03512f245a1 to remote] wire:73 - http-outgoing-0 << "Content-Type:application/json; charset=utf-8[\r][\n]"
2018-07-15 18:14:38,621 DEBUG [Forwarding quit on session 87b616990ea84b95dbb6a03512f245a1 to remote] wire:73 - http-outgoing-0 << "[\r][\n]"
2018-07-15 18:14:38,621 DEBUG [Forwarding quit on session 87b616990ea84b95dbb6a03512f245a1 to remote] wire:87 - http-outgoing-0 << "{"sessionId":"87b616990ea84b95dbb6a03512f245a1","status":0,"value":null}"
2018-07-15 18:14:38,622 DEBUG [Forwarding quit on session 87b616990ea84b95dbb6a03512f245a1 to remote] headers:122 - http-outgoing-0 << HTTP/1.1 200 OK
2018-07-15 18:14:38,622 DEBUG [Forwarding quit on session 87b616990ea84b95dbb6a03512f245a1 to remote] headers:125 - http-outgoing-0 << Content-Length:72
2018-07-15 18:14:38,622 DEBUG [Forwarding quit on session 87b616990ea84b95dbb6a03512f245a1 to remote] headers:125 - http-outgoing-0 << Content-Type:application/json; charset=utf-8
2018-07-15 18:14:38,623 DEBUG [Forwarding quit on session 87b616990ea84b95dbb6a03512f245a1 to remote] MainClientExec:285 - Connection can be kept alive indefinitely
2018-07-15 18:14:38,624 DEBUG [Forwarding quit on session 87b616990ea84b95dbb6a03512f245a1 to remote] PoolingHttpClientConnectionManager:320 - Connection [id: 0][route: {}->http://localhost:34314] can be kept alive indefinitely
2018-07-15 18:14:38,624 DEBUG [Forwarding quit on session 87b616990ea84b95dbb6a03512f245a1 to remote] PoolingHttpClientConnectionManager:326 - Connection released: [id: 0][route: {}->http://localhost:34314][total kept alive: 1; route allocated: 1 of 2000; total allocated: 1 of 2000]
2018-07-15 18:14:38,649 DEBUG [Forwarding quit on session 87b616990ea84b95dbb6a03512f245a1 to remote] PoolingHttpClientConnectionManager:407 - Closing connections idle longer than 0 SECONDS
2018-07-15 18:14:38,650 DEBUG [Forwarding quit on session 87b616990ea84b95dbb6a03512f245a1 to remote] DefaultManagedHttpClientConnection:79 - http-outgoing-0: Close connection
2018-07-15 18:14:39,916 DEBUG [Forwarding newSession on session null to remote] RequestAddCookies:123 - CookieSpec selected: default
2018-07-15 18:14:39,917 DEBUG [Forwarding newSession on session null to remote] RequestAuthCache:77 - Auth cache not set in the context
2018-07-15 18:14:39,918 DEBUG [Forwarding newSession on session null to remote] PoolingHttpClientConnectionManager:255 - Connection request: [route: {}->http://localhost:39048][total kept alive: 0; route allocated: 0 of 2000; total allocated: 0 of 2000]
2018-07-15 18:14:39,918 DEBUG [Forwarding newSession on session null to remote] PoolingHttpClientConnectionManager:288 - Connection leased: [id: 1][route: {}->http://localhost:39048][total kept alive: 0; route allocated: 1 of 2000; total allocated: 1 of 2000]
2018-07-15 18:14:39,918 DEBUG [Forwarding newSession on session null to remote] MainClientExec:235 - Opening connection {}->http://localhost:39048
2018-07-15 18:14:39,919 DEBUG [Forwarding newSession on session null to remote] DefaultHttpClientConnectionOperator:139 - Connecting to localhost/127.0.0.1:39048
2018-07-15 18:14:39,926 DEBUG [Forwarding newSession on session null to remote] DefaultHttpClientConnectionOperator:146 - Connection established 127.0.0.1:55080<->127.0.0.1:39048
2018-07-15 18:14:39,926 DEBUG [Forwarding newSession on session null to remote] DefaultManagedHttpClientConnection:88 - http-outgoing-1: set socket timeout to 10800000
2018-07-15 18:14:39,926 DEBUG [Forwarding newSession on session null to remote] MainClientExec:256 - Executing request POST /session HTTP/1.1
2018-07-15 18:14:39,926 DEBUG [Forwarding newSession on session null to remote] MainClientExec:261 - Target auth state: UNCHALLENGED
2018-07-15 18:14:39,926 DEBUG [Forwarding newSession on session null to remote] MainClientExec:267 - Proxy auth state: UNCHALLENGED
2018-07-15 18:14:39,927 DEBUG [Forwarding newSession on session null to remote] headers:133 - http-outgoing-1 >> POST /session HTTP/1.1
2018-07-15 18:14:39,927 DEBUG [Forwarding newSession on session null to remote] headers:136 - http-outgoing-1 >> Content-Type: application/json; charset=utf-8
2018-07-15 18:14:39,927 DEBUG [Forwarding newSession on session null to remote] headers:136 - http-outgoing-1 >> Content-Length: 740
2018-07-15 18:14:39,927 DEBUG [Forwarding newSession on session null to remote] headers:136 - http-outgoing-1 >> Host: localhost:39048
2018-07-15 18:14:39,928 DEBUG [Forwarding newSession on session null to remote] headers:136 - http-outgoing-1 >> Connection: Keep-Alive
2018-07-15 18:14:39,928 DEBUG [Forwarding newSession on session null to remote] headers:136 - http-outgoing-1 >> User-Agent: Apache-HttpClient/4.5.3 (Java/1.8.0_131)
2018-07-15 18:14:39,928 DEBUG [Forwarding newSession on session null to remote] headers:136 - http-outgoing-1 >> Accept-Encoding: gzip,deflate
2018-07-15 18:14:39,928 DEBUG [Forwarding newSession on session null to remote] wire:73 - http-outgoing-1 >> "POST /session HTTP/1.1[\r][\n]"
2018-07-15 18:14:39,929 DEBUG [Forwarding newSession on session null to remote] wire:73 - http-outgoing-1 >> "Content-Type: application/json; charset=utf-8[\r][\n]"
2018-07-15 18:14:39,929 DEBUG [Forwarding newSession on session null to remote] wire:73 - http-outgoing-1 >> "Content-Length: 740[\r][\n]"
2018-07-15 18:14:39,929 DEBUG [Forwarding newSession on session null to remote] wire:73 - http-outgoing-1 >> "Host: localhost:39048[\r][\n]"
2018-07-15 18:14:39,930 DEBUG [Forwarding newSession on session null to remote] wire:73 - http-outgoing-1 >> "Connection: Keep-Alive[\r][\n]"
2018-07-15 18:14:39,930 DEBUG [Forwarding newSession on session null to remote] wire:73 - http-outgoing-1 >> "User-Agent: Apache-HttpClient/4.5.3 (Java/1.8.0_131)[\r][\n]"
2018-07-15 18:14:39,930 DEBUG [Forwarding newSession on session null to remote] wire:73 - http-outgoing-1 >> "Accept-Encoding: gzip,deflate[\r][\n]"
2018-07-15 18:14:39,931 DEBUG [Forwarding newSession on session null to remote] wire:73 - http-outgoing-1 >> "[\r][\n]"
2018-07-15 18:14:39,931 DEBUG [Forwarding newSession on session null to remote] wire:73 - http-outgoing-1 >> "{[\n]"
2018-07-15 18:14:39,931 DEBUG [Forwarding newSession on session null to remote] wire:73 - http-outgoing-1 >> "  "desiredCapabilities": {[\n]"
2018-07-15 18:14:39,932 DEBUG [Forwarding newSession on session null to remote] wire:73 - http-outgoing-1 >> "    "browserName": "chrome",[\n]"
2018-07-15 18:14:39,932 DEBUG [Forwarding newSession on session null to remote] wire:73 - http-outgoing-1 >> "    "chromeOptions": {[\n]"
2018-07-15 18:14:39,932 DEBUG [Forwarding newSession on session null to remote] wire:73 - http-outgoing-1 >> "      "args": [],[\n]"
2018-07-15 18:14:39,933 DEBUG [Forwarding newSession on session null to remote] wire:73 - http-outgoing-1 >> "      "extensions": [],[\n]"
2018-07-15 18:14:39,933 DEBUG [Forwarding newSession on session null to remote] wire:73 - http-outgoing-1 >> "      "prefs": {[\n]"
2018-07-15 18:14:39,934 DEBUG [Forwarding newSession on session null to remote] wire:73 - http-outgoing-1 >> "        "profile.default_content_setting_values.notifications": 1[\n]"
2018-07-15 18:14:39,934 DEBUG [Forwarding newSession on session null to remote] wire:73 - http-outgoing-1 >> "      }[\n]"
2018-07-15 18:14:39,934 DEBUG [Forwarding newSession on session null to remote] wire:73 - http-outgoing-1 >> "    },[\n]"
2018-07-15 18:14:39,935 DEBUG [Forwarding newSession on session null to remote] wire:73 - http-outgoing-1 >> "    "version": "",[\n]"
2018-07-15 18:14:39,935 DEBUG [Forwarding newSession on session null to remote] wire:73 - http-outgoing-1 >> "    "platform": "ANY"[\n]"
2018-07-15 18:14:39,935 DEBUG [Forwarding newSession on session null to remote] wire:73 - http-outgoing-1 >> "  },[\n]"
2018-07-15 18:14:39,936 DEBUG [Forwarding newSession on session null to remote] wire:73 - http-outgoing-1 >> "  "requiredCapabilities": {},[\n]"
2018-07-15 18:14:39,936 DEBUG [Forwarding newSession on session null to remote] wire:73 - http-outgoing-1 >> "  "capabilities": {[\n]"
2018-07-15 18:14:39,936 DEBUG [Forwarding newSession on session null to remote] wire:73 - http-outgoing-1 >> "    "desiredCapabilities": {[\n]"
2018-07-15 18:14:39,936 DEBUG [Forwarding newSession on session null to remote] wire:73 - http-outgoing-1 >> "      "browserName": "chrome",[\n]"
2018-07-15 18:14:39,937 DEBUG [Forwarding newSession on session null to remote] wire:73 - http-outgoing-1 >> "      "chromeOptions": {[\n]"
2018-07-15 18:14:39,937 DEBUG [Forwarding newSession on session null to remote] wire:73 - http-outgoing-1 >> "        "args": [],[\n]"
2018-07-15 18:14:39,937 DEBUG [Forwarding newSession on session null to remote] wire:73 - http-outgoing-1 >> "        "extensions": [],[\n]"
2018-07-15 18:14:39,937 DEBUG [Forwarding newSession on session null to remote] wire:73 - http-outgoing-1 >> "        "prefs": {[\n]"
2018-07-15 18:14:39,938 DEBUG [Forwarding newSession on session null to remote] wire:73 - http-outgoing-1 >> "          "profile.default_content_setting_values.notifications": 1[\n]"
2018-07-15 18:14:39,938 DEBUG [Forwarding newSession on session null to remote] wire:73 - http-outgoing-1 >> "        }[\n]"
2018-07-15 18:14:39,938 DEBUG [Forwarding newSession on session null to remote] wire:73 - http-outgoing-1 >> "      },[\n]"
2018-07-15 18:14:39,938 DEBUG [Forwarding newSession on session null to remote] wire:73 - http-outgoing-1 >> "      "version": "",[\n]"
2018-07-15 18:14:39,939 DEBUG [Forwarding newSession on session null to remote] wire:73 - http-outgoing-1 >> "      "platform": "ANY"[\n]"
2018-07-15 18:14:39,939 DEBUG [Forwarding newSession on session null to remote] wire:73 - http-outgoing-1 >> "    },[\n]"
2018-07-15 18:14:39,939 DEBUG [Forwarding newSession on session null to remote] wire:73 - http-outgoing-1 >> "    "requiredCapabilities": {},[\n]"
2018-07-15 18:14:39,939 DEBUG [Forwarding newSession on session null to remote] wire:73 - http-outgoing-1 >> "    "alwaysMatch": {},[\n]"
2018-07-15 18:14:39,939 DEBUG [Forwarding newSession on session null to remote] wire:73 - http-outgoing-1 >> "    "firstMatch": [[\n]"
2018-07-15 18:14:39,940 DEBUG [Forwarding newSession on session null to remote] wire:73 - http-outgoing-1 >> "      {[\n]"
2018-07-15 18:14:39,940 DEBUG [Forwarding newSession on session null to remote] wire:73 - http-outgoing-1 >> "        "browserName": "chrome"[\n]"
2018-07-15 18:14:39,940 DEBUG [Forwarding newSession on session null to remote] wire:73 - http-outgoing-1 >> "      }[\n]"
2018-07-15 18:14:39,941 DEBUG [Forwarding newSession on session null to remote] wire:73 - http-outgoing-1 >> "    ][\n]"
2018-07-15 18:14:39,941 DEBUG [Forwarding newSession on session null to remote] wire:73 - http-outgoing-1 >> "  }[\n]"
2018-07-15 18:14:39,941 DEBUG [Forwarding newSession on session null to remote] wire:87 - http-outgoing-1 >> "}"
2018-07-15 18:14:44,065 DEBUG [Forwarding newSession on session null to remote] wire:73 - http-outgoing-1 << "HTTP/1.1 200 OK[\r][\n]"
2018-07-15 18:14:44,065 DEBUG [Forwarding newSession on session null to remote] wire:73 - http-outgoing-1 << "Content-Length:829[\r][\n]"
2018-07-15 18:14:44,066 DEBUG [Forwarding newSession on session null to remote] wire:73 - http-outgoing-1 << "Content-Type:application/json; charset=utf-8[\r][\n]"
2018-07-15 18:14:44,066 DEBUG [Forwarding newSession on session null to remote] wire:73 - http-outgoing-1 << "[\r][\n]"
2018-07-15 18:14:44,067 DEBUG [Forwarding newSession on session null to remote] wire:87 - http-outgoing-1 << "{"sessionId":"960f8eafa41052cf4c46356ef98b0088","status":0,"value":{"acceptInsecureCerts":false,"acceptSslCerts":false,"applicationCacheEnabled":false,"browserConnectionEnabled":false,"browserName":"chrome","chrome":{"chromedriverVersion":"2.37.544315 (730aa6a5fdba159ac9f4c1e8cbc59bf1b5ce12b7)","userDataDir":"C:\\Users\\saiku\\AppData\\Local\\Temp\\scoped_dir15308_15461"},"cssSelectorsEnabled":true,"databaseEnabled":false,"handlesAlerts":true,"hasTouchScreen":false,"javascriptEnabled":true,"locationContextEnabled":true,"mobileEmulationEnabled":false,"nativeEvents":true,"networkConnectionEnabled":false,"pageLoadStrategy":"normal","platform":"Windows NT","rotatable":false,"setWindowRect":true,"takesHeapSnapshot":true,"takesScreenshot":true,"unexpectedAlertBehaviour":"","version":"67.0.3396.99","webStorageEnabled":true}}"
2018-07-15 18:14:44,068 DEBUG [Forwarding newSession on session null to remote] headers:122 - http-outgoing-1 << HTTP/1.1 200 OK
2018-07-15 18:14:44,068 DEBUG [Forwarding newSession on session null to remote] headers:125 - http-outgoing-1 << Content-Length:829
2018-07-15 18:14:44,069 DEBUG [Forwarding newSession on session null to remote] headers:125 - http-outgoing-1 << Content-Type:application/json; charset=utf-8
2018-07-15 18:14:44,069 DEBUG [Forwarding newSession on session null to remote] MainClientExec:285 - Connection can be kept alive indefinitely
2018-07-15 18:14:44,070 DEBUG [Forwarding newSession on session null to remote] PoolingHttpClientConnectionManager:320 - Connection [id: 1][route: {}->http://localhost:39048] can be kept alive indefinitely
2018-07-15 18:14:44,070 DEBUG [Forwarding newSession on session null to remote] PoolingHttpClientConnectionManager:326 - Connection released: [id: 1][route: {}->http://localhost:39048][total kept alive: 1; route allocated: 1 of 2000; total allocated: 1 of 2000]
2018-07-15 18:14:44,082 DEBUG [Forwarding maximizeCurrentWindow on session 960f8eafa41052cf4c46356ef98b0088 to remote] RequestAddCookies:123 - CookieSpec selected: default
2018-07-15 18:14:44,082 DEBUG [Forwarding maximizeCurrentWindow on session 960f8eafa41052cf4c46356ef98b0088 to remote] RequestAuthCache:77 - Auth cache not set in the context
2018-07-15 18:14:44,083 DEBUG [Forwarding maximizeCurrentWindow on session 960f8eafa41052cf4c46356ef98b0088 to remote] PoolingHttpClientConnectionManager:255 - Connection request: [route: {}->http://localhost:39048][total kept alive: 1; route allocated: 1 of 2000; total allocated: 1 of 2000]
2018-07-15 18:14:44,083 DEBUG [Forwarding maximizeCurrentWindow on session 960f8eafa41052cf4c46356ef98b0088 to remote] PoolingHttpClientConnectionManager:288 - Connection leased: [id: 1][route: {}->http://localhost:39048][total kept alive: 0; route allocated: 1 of 2000; total allocated: 1 of 2000]
2018-07-15 18:14:44,084 DEBUG [Forwarding maximizeCurrentWindow on session 960f8eafa41052cf4c46356ef98b0088 to remote] MainClientExec:208 - Stale connection check
2018-07-15 18:14:44,086 DEBUG [Forwarding maximizeCurrentWindow on session 960f8eafa41052cf4c46356ef98b0088 to remote] wire:87 - http-outgoing-1 << "[read] I/O error: Read timed out"
2018-07-15 18:14:44,086 DEBUG [Forwarding maximizeCurrentWindow on session 960f8eafa41052cf4c46356ef98b0088 to remote] DefaultManagedHttpClientConnection:88 - http-outgoing-1: set socket timeout to 10800000
2018-07-15 18:14:44,087 DEBUG [Forwarding maximizeCurrentWindow on session 960f8eafa41052cf4c46356ef98b0088 to remote] MainClientExec:256 - Executing request POST /session/960f8eafa41052cf4c46356ef98b0088/window/current/maximize HTTP/1.1
2018-07-15 18:14:44,087 DEBUG [Forwarding maximizeCurrentWindow on session 960f8eafa41052cf4c46356ef98b0088 to remote] MainClientExec:261 - Target auth state: UNCHALLENGED
2018-07-15 18:14:44,087 DEBUG [Forwarding maximizeCurrentWindow on session 960f8eafa41052cf4c46356ef98b0088 to remote] MainClientExec:267 - Proxy auth state: UNCHALLENGED
2018-07-15 18:14:44,088 DEBUG [Forwarding maximizeCurrentWindow on session 960f8eafa41052cf4c46356ef98b0088 to remote] headers:133 - http-outgoing-1 >> POST /session/960f8eafa41052cf4c46356ef98b0088/window/current/maximize HTTP/1.1
2018-07-15 18:14:44,088 DEBUG [Forwarding maximizeCurrentWindow on session 960f8eafa41052cf4c46356ef98b0088 to remote] headers:136 - http-outgoing-1 >> Content-Type: application/json; charset=utf-8
2018-07-15 18:14:44,089 DEBUG [Forwarding maximizeCurrentWindow on session 960f8eafa41052cf4c46356ef98b0088 to remote] headers:136 - http-outgoing-1 >> Content-Length: 45
2018-07-15 18:14:44,089 DEBUG [Forwarding maximizeCurrentWindow on session 960f8eafa41052cf4c46356ef98b0088 to remote] headers:136 - http-outgoing-1 >> Host: localhost:39048
2018-07-15 18:14:44,089 DEBUG [Forwarding maximizeCurrentWindow on session 960f8eafa41052cf4c46356ef98b0088 to remote] headers:136 - http-outgoing-1 >> Connection: Keep-Alive
2018-07-15 18:14:44,090 DEBUG [Forwarding maximizeCurrentWindow on session 960f8eafa41052cf4c46356ef98b0088 to remote] headers:136 - http-outgoing-1 >> User-Agent: Apache-HttpClient/4.5.3 (Java/1.8.0_131)
2018-07-15 18:14:44,090 DEBUG [Forwarding maximizeCurrentWindow on session 960f8eafa41052cf4c46356ef98b0088 to remote] headers:136 - http-outgoing-1 >> Accept-Encoding: gzip,deflate
2018-07-15 18:14:44,090 DEBUG [Forwarding maximizeCurrentWindow on session 960f8eafa41052cf4c46356ef98b0088 to remote] wire:73 - http-outgoing-1 >> "POST /session/960f8eafa41052cf4c46356ef98b0088/window/current/maximize HTTP/1.1[\r][\n]"
2018-07-15 18:14:44,091 DEBUG [Forwarding maximizeCurrentWindow on session 960f8eafa41052cf4c46356ef98b0088 to remote] wire:73 - http-outgoing-1 >> "Content-Type: application/json; charset=utf-8[\r][\n]"
2018-07-15 18:14:44,091 DEBUG [Forwarding maximizeCurrentWindow on session 960f8eafa41052cf4c46356ef98b0088 to remote] wire:73 - http-outgoing-1 >> "Content-Length: 45[\r][\n]"
2018-07-15 18:14:44,091 DEBUG [Forwarding maximizeCurrentWindow on session 960f8eafa41052cf4c46356ef98b0088 to remote] wire:73 - http-outgoing-1 >> "Host: localhost:39048[\r][\n]"
2018-07-15 18:14:44,092 DEBUG [Forwarding maximizeCurrentWindow on session 960f8eafa41052cf4c46356ef98b0088 to remote] wire:73 - http-outgoing-1 >> "Connection: Keep-Alive[\r][\n]"
2018-07-15 18:14:44,092 DEBUG [Forwarding maximizeCurrentWindow on session 960f8eafa41052cf4c46356ef98b0088 to remote] wire:73 - http-outgoing-1 >> "User-Agent: Apache-HttpClient/4.5.3 (Java/1.8.0_131)[\r][\n]"
2018-07-15 18:14:44,093 DEBUG [Forwarding maximizeCurrentWindow on session 960f8eafa41052cf4c46356ef98b0088 to remote] wire:73 - http-outgoing-1 >> "Accept-Encoding: gzip,deflate[\r][\n]"
2018-07-15 18:14:44,093 DEBUG [Forwarding maximizeCurrentWindow on session 960f8eafa41052cf4c46356ef98b0088 to remote] wire:73 - http-outgoing-1 >> "[\r][\n]"
2018-07-15 18:14:44,093 DEBUG [Forwarding maximizeCurrentWindow on session 960f8eafa41052cf4c46356ef98b0088 to remote] wire:87 - http-outgoing-1 >> "{"windowHandle":"current","handle":"current"}"
2018-07-15 18:14:45,258 DEBUG [Forwarding maximizeCurrentWindow on session 960f8eafa41052cf4c46356ef98b0088 to remote] wire:73 - http-outgoing-1 << "HTTP/1.1 200 OK[\r][\n]"
2018-07-15 18:14:45,259 DEBUG [Forwarding maximizeCurrentWindow on session 960f8eafa41052cf4c46356ef98b0088 to remote] wire:73 - http-outgoing-1 << "Content-Length:72[\r][\n]"
2018-07-15 18:14:45,259 DEBUG [Forwarding maximizeCurrentWindow on session 960f8eafa41052cf4c46356ef98b0088 to remote] wire:73 - http-outgoing-1 << "Content-Type:application/json; charset=utf-8[\r][\n]"
2018-07-15 18:14:45,260 DEBUG [Forwarding maximizeCurrentWindow on session 960f8eafa41052cf4c46356ef98b0088 to remote] wire:73 - http-outgoing-1 << "[\r][\n]"
2018-07-15 18:14:45,260 DEBUG [Forwarding maximizeCurrentWindow on session 960f8eafa41052cf4c46356ef98b0088 to remote] wire:87 - http-outgoing-1 << "{"sessionId":"960f8eafa41052cf4c46356ef98b0088","status":0,"value":null}"
2018-07-15 18:14:45,261 DEBUG [Forwarding maximizeCurrentWindow on session 960f8eafa41052cf4c46356ef98b0088 to remote] headers:122 - http-outgoing-1 << HTTP/1.1 200 OK
2018-07-15 18:14:45,261 DEBUG [Forwarding maximizeCurrentWindow on session 960f8eafa41052cf4c46356ef98b0088 to remote] headers:125 - http-outgoing-1 << Content-Length:72
2018-07-15 18:14:45,261 DEBUG [Forwarding maximizeCurrentWindow on session 960f8eafa41052cf4c46356ef98b0088 to remote] headers:125 - http-outgoing-1 << Content-Type:application/json; charset=utf-8
2018-07-15 18:14:45,262 DEBUG [Forwarding maximizeCurrentWindow on session 960f8eafa41052cf4c46356ef98b0088 to remote] MainClientExec:285 - Connection can be kept alive indefinitely
2018-07-15 18:14:45,262 DEBUG [Forwarding maximizeCurrentWindow on session 960f8eafa41052cf4c46356ef98b0088 to remote] PoolingHttpClientConnectionManager:320 - Connection [id: 1][route: {}->http://localhost:39048] can be kept alive indefinitely
2018-07-15 18:14:45,263 DEBUG [Forwarding maximizeCurrentWindow on session 960f8eafa41052cf4c46356ef98b0088 to remote] PoolingHttpClientConnectionManager:326 - Connection released: [id: 1][route: {}->http://localhost:39048][total kept alive: 1; route allocated: 1 of 2000; total allocated: 1 of 2000]
2018-07-15 18:14:45,265 DEBUG [Forwarding deleteAllCookies on session 960f8eafa41052cf4c46356ef98b0088 to remote] RequestAddCookies:123 - CookieSpec selected: default
2018-07-15 18:14:45,266 DEBUG [Forwarding deleteAllCookies on session 960f8eafa41052cf4c46356ef98b0088 to remote] RequestAuthCache:77 - Auth cache not set in the context
2018-07-15 18:14:45,266 DEBUG [Forwarding deleteAllCookies on session 960f8eafa41052cf4c46356ef98b0088 to remote] PoolingHttpClientConnectionManager:255 - Connection request: [route: {}->http://localhost:39048][total kept alive: 1; route allocated: 1 of 2000; total allocated: 1 of 2000]
2018-07-15 18:14:45,267 DEBUG [Forwarding deleteAllCookies on session 960f8eafa41052cf4c46356ef98b0088 to remote] PoolingHttpClientConnectionManager:288 - Connection leased: [id: 1][route: {}->http://localhost:39048][total kept alive: 0; route allocated: 1 of 2000; total allocated: 1 of 2000]
2018-07-15 18:14:45,267 DEBUG [Forwarding deleteAllCookies on session 960f8eafa41052cf4c46356ef98b0088 to remote] MainClientExec:208 - Stale connection check
2018-07-15 18:14:45,269 DEBUG [Forwarding deleteAllCookies on session 960f8eafa41052cf4c46356ef98b0088 to remote] wire:87 - http-outgoing-1 << "[read] I/O error: Read timed out"
2018-07-15 18:14:45,269 DEBUG [Forwarding deleteAllCookies on session 960f8eafa41052cf4c46356ef98b0088 to remote] DefaultManagedHttpClientConnection:88 - http-outgoing-1: set socket timeout to 10800000
2018-07-15 18:14:45,270 DEBUG [Forwarding deleteAllCookies on session 960f8eafa41052cf4c46356ef98b0088 to remote] MainClientExec:256 - Executing request DELETE /session/960f8eafa41052cf4c46356ef98b0088/cookie HTTP/1.1
2018-07-15 18:14:45,270 DEBUG [Forwarding deleteAllCookies on session 960f8eafa41052cf4c46356ef98b0088 to remote] MainClientExec:261 - Target auth state: UNCHALLENGED
2018-07-15 18:14:45,270 DEBUG [Forwarding deleteAllCookies on session 960f8eafa41052cf4c46356ef98b0088 to remote] MainClientExec:267 - Proxy auth state: UNCHALLENGED
2018-07-15 18:14:45,271 DEBUG [Forwarding deleteAllCookies on session 960f8eafa41052cf4c46356ef98b0088 to remote] headers:133 - http-outgoing-1 >> DELETE /session/960f8eafa41052cf4c46356ef98b0088/cookie HTTP/1.1
2018-07-15 18:14:45,271 DEBUG [Forwarding deleteAllCookies on session 960f8eafa41052cf4c46356ef98b0088 to remote] headers:136 - http-outgoing-1 >> Host: localhost:39048
2018-07-15 18:14:45,271 DEBUG [Forwarding deleteAllCookies on session 960f8eafa41052cf4c46356ef98b0088 to remote] headers:136 - http-outgoing-1 >> Connection: Keep-Alive
2018-07-15 18:14:45,272 DEBUG [Forwarding deleteAllCookies on session 960f8eafa41052cf4c46356ef98b0088 to remote] headers:136 - http-outgoing-1 >> User-Agent: Apache-HttpClient/4.5.3 (Java/1.8.0_131)
2018-07-15 18:14:45,272 DEBUG [Forwarding deleteAllCookies on session 960f8eafa41052cf4c46356ef98b0088 to remote] headers:136 - http-outgoing-1 >> Accept-Encoding: gzip,deflate
2018-07-15 18:14:45,272 DEBUG [Forwarding deleteAllCookies on session 960f8eafa41052cf4c46356ef98b0088 to remote] wire:73 - http-outgoing-1 >> "DELETE /session/960f8eafa41052cf4c46356ef98b0088/cookie HTTP/1.1[\r][\n]"
2018-07-15 18:14:45,273 DEBUG [Forwarding deleteAllCookies on session 960f8eafa41052cf4c46356ef98b0088 to remote] wire:73 - http-outgoing-1 >> "Host: localhost:39048[\r][\n]"
2018-07-15 18:14:45,273 DEBUG [Forwarding deleteAllCookies on session 960f8eafa41052cf4c46356ef98b0088 to remote] wire:73 - http-outgoing-1 >> "Connection: Keep-Alive[\r][\n]"
2018-07-15 18:14:45,273 DEBUG [Forwarding deleteAllCookies on session 960f8eafa41052cf4c46356ef98b0088 to remote] wire:73 - http-outgoing-1 >> "User-Agent: Apache-HttpClient/4.5.3 (Java/1.8.0_131)[\r][\n]"
2018-07-15 18:14:45,274 DEBUG [Forwarding deleteAllCookies on session 960f8eafa41052cf4c46356ef98b0088 to remote] wire:73 - http-outgoing-1 >> "Accept-Encoding: gzip,deflate[\r][\n]"
2018-07-15 18:14:45,274 DEBUG [Forwarding deleteAllCookies on session 960f8eafa41052cf4c46356ef98b0088 to remote] wire:73 - http-outgoing-1 >> "[\r][\n]"
2018-07-15 18:14:45,286 DEBUG [Forwarding deleteAllCookies on session 960f8eafa41052cf4c46356ef98b0088 to remote] wire:73 - http-outgoing-1 << "HTTP/1.1 200 OK[\r][\n]"
2018-07-15 18:14:45,286 DEBUG [Forwarding deleteAllCookies on session 960f8eafa41052cf4c46356ef98b0088 to remote] wire:73 - http-outgoing-1 << "Content-Length:72[\r][\n]"
2018-07-15 18:14:45,286 DEBUG [Forwarding deleteAllCookies on session 960f8eafa41052cf4c46356ef98b0088 to remote] wire:73 - http-outgoing-1 << "Content-Type:application/json; charset=utf-8[\r][\n]"
2018-07-15 18:14:45,287 DEBUG [Forwarding deleteAllCookies on session 960f8eafa41052cf4c46356ef98b0088 to remote] wire:73 - http-outgoing-1 << "[\r][\n]"
2018-07-15 18:14:45,287 DEBUG [Forwarding deleteAllCookies on session 960f8eafa41052cf4c46356ef98b0088 to remote] wire:87 - http-outgoing-1 << "{"sessionId":"960f8eafa41052cf4c46356ef98b0088","status":0,"value":null}"
2018-07-15 18:14:45,287 DEBUG [Forwarding deleteAllCookies on session 960f8eafa41052cf4c46356ef98b0088 to remote] headers:122 - http-outgoing-1 << HTTP/1.1 200 OK
2018-07-15 18:14:45,288 DEBUG [Forwarding deleteAllCookies on session 960f8eafa41052cf4c46356ef98b0088 to remote] headers:125 - http-outgoing-1 << Content-Length:72
2018-07-15 18:14:45,288 DEBUG [Forwarding deleteAllCookies on session 960f8eafa41052cf4c46356ef98b0088 to remote] headers:125 - http-outgoing-1 << Content-Type:application/json; charset=utf-8
2018-07-15 18:14:45,289 DEBUG [Forwarding deleteAllCookies on session 960f8eafa41052cf4c46356ef98b0088 to remote] MainClientExec:285 - Connection can be kept alive indefinitely
2018-07-15 18:14:45,289 DEBUG [Forwarding deleteAllCookies on session 960f8eafa41052cf4c46356ef98b0088 to remote] PoolingHttpClientConnectionManager:320 - Connection [id: 1][route: {}->http://localhost:39048] can be kept alive indefinitely
2018-07-15 18:14:45,289 DEBUG [Forwarding deleteAllCookies on session 960f8eafa41052cf4c46356ef98b0088 to remote] PoolingHttpClientConnectionManager:326 - Connection released: [id: 1][route: {}->http://localhost:39048][total kept alive: 1; route allocated: 1 of 2000; total allocated: 1 of 2000]
2018-07-15 18:14:45,292 DEBUG [Forwarding setTimeout on session 960f8eafa41052cf4c46356ef98b0088 to remote] RequestAddCookies:123 - CookieSpec selected: default
2018-07-15 18:14:45,293 DEBUG [Forwarding setTimeout on session 960f8eafa41052cf4c46356ef98b0088 to remote] RequestAuthCache:77 - Auth cache not set in the context
2018-07-15 18:14:45,293 DEBUG [Forwarding setTimeout on session 960f8eafa41052cf4c46356ef98b0088 to remote] PoolingHttpClientConnectionManager:255 - Connection request: [route: {}->http://localhost:39048][total kept alive: 1; route allocated: 1 of 2000; total allocated: 1 of 2000]
2018-07-15 18:14:45,294 DEBUG [Forwarding setTimeout on session 960f8eafa41052cf4c46356ef98b0088 to remote] PoolingHttpClientConnectionManager:288 - Connection leased: [id: 1][route: {}->http://localhost:39048][total kept alive: 0; route allocated: 1 of 2000; total allocated: 1 of 2000]
2018-07-15 18:14:45,294 DEBUG [Forwarding setTimeout on session 960f8eafa41052cf4c46356ef98b0088 to remote] MainClientExec:208 - Stale connection check
2018-07-15 18:14:45,297 DEBUG [Forwarding setTimeout on session 960f8eafa41052cf4c46356ef98b0088 to remote] wire:87 - http-outgoing-1 << "[read] I/O error: Read timed out"
2018-07-15 18:14:45,297 DEBUG [Forwarding setTimeout on session 960f8eafa41052cf4c46356ef98b0088 to remote] DefaultManagedHttpClientConnection:88 - http-outgoing-1: set socket timeout to 10800000
2018-07-15 18:14:45,298 DEBUG [Forwarding setTimeout on session 960f8eafa41052cf4c46356ef98b0088 to remote] MainClientExec:256 - Executing request POST /session/960f8eafa41052cf4c46356ef98b0088/timeouts HTTP/1.1
2018-07-15 18:14:45,298 DEBUG [Forwarding setTimeout on session 960f8eafa41052cf4c46356ef98b0088 to remote] MainClientExec:261 - Target auth state: UNCHALLENGED
2018-07-15 18:14:45,298 DEBUG [Forwarding setTimeout on session 960f8eafa41052cf4c46356ef98b0088 to remote] MainClientExec:267 - Proxy auth state: UNCHALLENGED
2018-07-15 18:14:45,299 DEBUG [Forwarding setTimeout on session 960f8eafa41052cf4c46356ef98b0088 to remote] headers:133 - http-outgoing-1 >> POST /session/960f8eafa41052cf4c46356ef98b0088/timeouts HTTP/1.1
2018-07-15 18:14:45,299 DEBUG [Forwarding setTimeout on session 960f8eafa41052cf4c46356ef98b0088 to remote] headers:136 - http-outgoing-1 >> Content-Type: application/json; charset=utf-8
2018-07-15 18:14:45,300 DEBUG [Forwarding setTimeout on session 960f8eafa41052cf4c46356ef98b0088 to remote] headers:136 - http-outgoing-1 >> Content-Length: 30
2018-07-15 18:14:45,300 DEBUG [Forwarding setTimeout on session 960f8eafa41052cf4c46356ef98b0088 to remote] headers:136 - http-outgoing-1 >> Host: localhost:39048
2018-07-15 18:14:45,301 DEBUG [Forwarding setTimeout on session 960f8eafa41052cf4c46356ef98b0088 to remote] headers:136 - http-outgoing-1 >> Connection: Keep-Alive
2018-07-15 18:14:45,302 DEBUG [Forwarding setTimeout on session 960f8eafa41052cf4c46356ef98b0088 to remote] headers:136 - http-outgoing-1 >> User-Agent: Apache-HttpClient/4.5.3 (Java/1.8.0_131)
2018-07-15 18:14:45,302 DEBUG [Forwarding setTimeout on session 960f8eafa41052cf4c46356ef98b0088 to remote] headers:136 - http-outgoing-1 >> Accept-Encoding: gzip,deflate
2018-07-15 18:14:45,302 DEBUG [Forwarding setTimeout on session 960f8eafa41052cf4c46356ef98b0088 to remote] wire:73 - http-outgoing-1 >> "POST /session/960f8eafa41052cf4c46356ef98b0088/timeouts HTTP/1.1[\r][\n]"
2018-07-15 18:14:45,302 DEBUG [Forwarding setTimeout on session 960f8eafa41052cf4c46356ef98b0088 to remote] wire:73 - http-outgoing-1 >> "Content-Type: application/json; charset=utf-8[\r][\n]"
2018-07-15 18:14:45,303 DEBUG [Forwarding setTimeout on session 960f8eafa41052cf4c46356ef98b0088 to remote] wire:73 - http-outgoing-1 >> "Content-Length: 30[\r][\n]"
2018-07-15 18:14:45,303 DEBUG [Forwarding setTimeout on session 960f8eafa41052cf4c46356ef98b0088 to remote] wire:73 - http-outgoing-1 >> "Host: localhost:39048[\r][\n]"
2018-07-15 18:14:45,303 DEBUG [Forwarding setTimeout on session 960f8eafa41052cf4c46356ef98b0088 to remote] wire:73 - http-outgoing-1 >> "Connection: Keep-Alive[\r][\n]"
2018-07-15 18:14:45,304 DEBUG [Forwarding setTimeout on session 960f8eafa41052cf4c46356ef98b0088 to remote] wire:73 - http-outgoing-1 >> "User-Agent: Apache-HttpClient/4.5.3 (Java/1.8.0_131)[\r][\n]"
2018-07-15 18:14:45,304 DEBUG [Forwarding setTimeout on session 960f8eafa41052cf4c46356ef98b0088 to remote] wire:73 - http-outgoing-1 >> "Accept-Encoding: gzip,deflate[\r][\n]"
2018-07-15 18:14:45,305 DEBUG [Forwarding setTimeout on session 960f8eafa41052cf4c46356ef98b0088 to remote] wire:73 - http-outgoing-1 >> "[\r][\n]"
2018-07-15 18:14:45,305 DEBUG [Forwarding setTimeout on session 960f8eafa41052cf4c46356ef98b0088 to remote] wire:87 - http-outgoing-1 >> "{"type":"implicit","ms":60000}"
2018-07-15 18:14:45,306 DEBUG [Forwarding setTimeout on session 960f8eafa41052cf4c46356ef98b0088 to remote] wire:73 - http-outgoing-1 << "HTTP/1.1 200 OK[\r][\n]"
2018-07-15 18:14:45,306 DEBUG [Forwarding setTimeout on session 960f8eafa41052cf4c46356ef98b0088 to remote] wire:73 - http-outgoing-1 << "Content-Length:72[\r][\n]"
2018-07-15 18:14:45,306 DEBUG [Forwarding setTimeout on session 960f8eafa41052cf4c46356ef98b0088 to remote] wire:73 - http-outgoing-1 << "Content-Type:application/json; charset=utf-8[\r][\n]"
2018-07-15 18:14:45,307 DEBUG [Forwarding setTimeout on session 960f8eafa41052cf4c46356ef98b0088 to remote] wire:73 - http-outgoing-1 << "[\r][\n]"
2018-07-15 18:14:45,307 DEBUG [Forwarding setTimeout on session 960f8eafa41052cf4c46356ef98b0088 to remote] wire:87 - http-outgoing-1 << "{"sessionId":"960f8eafa41052cf4c46356ef98b0088","status":0,"value":null}"
2018-07-15 18:14:45,307 DEBUG [Forwarding setTimeout on session 960f8eafa41052cf4c46356ef98b0088 to remote] headers:122 - http-outgoing-1 << HTTP/1.1 200 OK
2018-07-15 18:14:45,308 DEBUG [Forwarding setTimeout on session 960f8eafa41052cf4c46356ef98b0088 to remote] headers:125 - http-outgoing-1 << Content-Length:72
2018-07-15 18:14:45,308 DEBUG [Forwarding setTimeout on session 960f8eafa41052cf4c46356ef98b0088 to remote] headers:125 - http-outgoing-1 << Content-Type:application/json; charset=utf-8
2018-07-15 18:14:45,308 DEBUG [Forwarding setTimeout on session 960f8eafa41052cf4c46356ef98b0088 to remote] MainClientExec:285 - Connection can be kept alive indefinitely
2018-07-15 18:14:45,309 DEBUG [Forwarding setTimeout on session 960f8eafa41052cf4c46356ef98b0088 to remote] PoolingHttpClientConnectionManager:320 - Connection [id: 1][route: {}->http://localhost:39048] can be kept alive indefinitely
2018-07-15 18:14:45,309 DEBUG [Forwarding setTimeout on session 960f8eafa41052cf4c46356ef98b0088 to remote] PoolingHttpClientConnectionManager:326 - Connection released: [id: 1][route: {}->http://localhost:39048][total kept alive: 1; route allocated: 1 of 2000; total allocated: 1 of 2000]
2018-07-15 18:14:45,312 DEBUG [Forwarding get on session 960f8eafa41052cf4c46356ef98b0088 to remote] RequestAddCookies:123 - CookieSpec selected: default
2018-07-15 18:14:45,312 DEBUG [Forwarding get on session 960f8eafa41052cf4c46356ef98b0088 to remote] RequestAuthCache:77 - Auth cache not set in the context
2018-07-15 18:14:45,313 DEBUG [Forwarding get on session 960f8eafa41052cf4c46356ef98b0088 to remote] PoolingHttpClientConnectionManager:255 - Connection request: [route: {}->http://localhost:39048][total kept alive: 1; route allocated: 1 of 2000; total allocated: 1 of 2000]
2018-07-15 18:14:45,313 DEBUG [Forwarding get on session 960f8eafa41052cf4c46356ef98b0088 to remote] PoolingHttpClientConnectionManager:288 - Connection leased: [id: 1][route: {}->http://localhost:39048][total kept alive: 0; route allocated: 1 of 2000; total allocated: 1 of 2000]
2018-07-15 18:14:45,314 DEBUG [Forwarding get on session 960f8eafa41052cf4c46356ef98b0088 to remote] MainClientExec:208 - Stale connection check
2018-07-15 18:14:45,316 DEBUG [Forwarding get on session 960f8eafa41052cf4c46356ef98b0088 to remote] wire:87 - http-outgoing-1 << "[read] I/O error: Read timed out"
2018-07-15 18:14:45,317 DEBUG [Forwarding get on session 960f8eafa41052cf4c46356ef98b0088 to remote] DefaultManagedHttpClientConnection:88 - http-outgoing-1: set socket timeout to 10800000
2018-07-15 18:14:45,317 DEBUG [Forwarding get on session 960f8eafa41052cf4c46356ef98b0088 to remote] MainClientExec:256 - Executing request POST /session/960f8eafa41052cf4c46356ef98b0088/url HTTP/1.1
2018-07-15 18:14:45,317 DEBUG [Forwarding get on session 960f8eafa41052cf4c46356ef98b0088 to remote] MainClientExec:261 - Target auth state: UNCHALLENGED
2018-07-15 18:14:45,318 DEBUG [Forwarding get on session 960f8eafa41052cf4c46356ef98b0088 to remote] MainClientExec:267 - Proxy auth state: UNCHALLENGED
2018-07-15 18:14:45,318 DEBUG [Forwarding get on session 960f8eafa41052cf4c46356ef98b0088 to remote] headers:133 - http-outgoing-1 >> POST /session/960f8eafa41052cf4c46356ef98b0088/url HTTP/1.1
2018-07-15 18:14:45,318 DEBUG [Forwarding get on session 960f8eafa41052cf4c46356ef98b0088 to remote] headers:136 - http-outgoing-1 >> Content-Type: application/json; charset=utf-8
2018-07-15 18:14:45,319 DEBUG [Forwarding get on session 960f8eafa41052cf4c46356ef98b0088 to remote] headers:136 - http-outgoing-1 >> Content-Length: 34
2018-07-15 18:14:45,319 DEBUG [Forwarding get on session 960f8eafa41052cf4c46356ef98b0088 to remote] headers:136 - http-outgoing-1 >> Host: localhost:39048
2018-07-15 18:14:45,319 DEBUG [Forwarding get on session 960f8eafa41052cf4c46356ef98b0088 to remote] headers:136 - http-outgoing-1 >> Connection: Keep-Alive
2018-07-15 18:14:45,319 DEBUG [Forwarding get on session 960f8eafa41052cf4c46356ef98b0088 to remote] headers:136 - http-outgoing-1 >> User-Agent: Apache-HttpClient/4.5.3 (Java/1.8.0_131)
2018-07-15 18:14:45,319 DEBUG [Forwarding get on session 960f8eafa41052cf4c46356ef98b0088 to remote] headers:136 - http-outgoing-1 >> Accept-Encoding: gzip,deflate
2018-07-15 18:14:45,320 DEBUG [Forwarding get on session 960f8eafa41052cf4c46356ef98b0088 to remote] wire:73 - http-outgoing-1 >> "POST /session/960f8eafa41052cf4c46356ef98b0088/url HTTP/1.1[\r][\n]"
2018-07-15 18:14:45,320 DEBUG [Forwarding get on session 960f8eafa41052cf4c46356ef98b0088 to remote] wire:73 - http-outgoing-1 >> "Content-Type: application/json; charset=utf-8[\r][\n]"
2018-07-15 18:14:45,320 DEBUG [Forwarding get on session 960f8eafa41052cf4c46356ef98b0088 to remote] wire:73 - http-outgoing-1 >> "Content-Length: 34[\r][\n]"
2018-07-15 18:14:45,320 DEBUG [Forwarding get on session 960f8eafa41052cf4c46356ef98b0088 to remote] wire:73 - http-outgoing-1 >> "Host: localhost:39048[\r][\n]"
2018-07-15 18:14:45,320 DEBUG [Forwarding get on session 960f8eafa41052cf4c46356ef98b0088 to remote] wire:73 - http-outgoing-1 >> "Connection: Keep-Alive[\r][\n]"
2018-07-15 18:14:45,321 DEBUG [Forwarding get on session 960f8eafa41052cf4c46356ef98b0088 to remote] wire:73 - http-outgoing-1 >> "User-Agent: Apache-HttpClient/4.5.3 (Java/1.8.0_131)[\r][\n]"
2018-07-15 18:14:45,321 DEBUG [Forwarding get on session 960f8eafa41052cf4c46356ef98b0088 to remote] wire:73 - http-outgoing-1 >> "Accept-Encoding: gzip,deflate[\r][\n]"
2018-07-15 18:14:45,321 DEBUG [Forwarding get on session 960f8eafa41052cf4c46356ef98b0088 to remote] wire:73 - http-outgoing-1 >> "[\r][\n]"
2018-07-15 18:14:45,321 DEBUG [Forwarding get on session 960f8eafa41052cf4c46356ef98b0088 to remote] wire:87 - http-outgoing-1 >> "{"url":"https://www.facebook.com"}"
